FHIR IG Publisher Version 1.8.3 (Git# 709dc76d8981). Built 2024-12-18T00:20:53.138Z (53 hours old)
Detected Java version: 23-ea from /usr/local/openjdk-23 on amd64 (64bit). 4096MB available
dir = /workspace, path = /home/publisher/bin:/home/publisher/bin/ig-publisher-scripts:/home/publisher/.node/bin:/usr/local/openjdk-23/bin:/usr/local/sbin:/usr/local/bin:/usr/sbin:/usr/bin:/sbin:/bin
Parameters: -go-publish -package-cache-folder /workspace/fhir-package-cache -source /workspace/source -web /workspace/webroot -temp /workspace/temp -registry /workspace/ig-registry/fhir-ig-list.json -history /workspace/history-template -templates /workspace/webroot/templates
---------------
Publication Run: publish /workspace/source to /workspace/webroot
Run Number: 3
Relative directory for IG is '/trust'
===== Web Publication Run Details ===============================
 Source IG: smart.who.int.trust#1.1.5 : http://smart.who.int/trust (R4) from /workspace/source
All checks passed. Do the publication build from /workspace/source and publish to /workspace/temp/web-root/run-20241220/trust
Prepare Build space in /workspace/temp/smart.who.int.trust#1.1.5
Build IG at /workspace/source: final copy suitable for publication (in /workspace/temp/smart.who.int.trust#1.1.5)
FHIR IG Publisher Version 1.8.3 (Git# 709dc76d8981). Built 2024-12-18T00:20:53.138Z (53 hours old)  
Detected Java version: 23-ea from /usr/local/openjdk-23 on Linux/amd64 (64bit). 4096MB available    
dir = /workspace, path = /home/publisher/bin:/home/publisher/bin/ig-publisher-scripts:/home/publisher/.node/bin:/usr/local/openjdk-23/bin:/usr/local/sbin:/usr/local/bin:/usr/sbin:/usr/bin:/sbin:/bin
Parameters: -ig /workspace/temp/smart.who.int.trust#1.1.5 -resetTx -publish http://smart.who.int/trust/v1.1.5 -no-exit
Start Clock @ Friday, December 20, 2024, 6:03:42 AM Coordinated Universal Time (2024-12-20T06:03:42Z)
                                                                                                    
Build FHIR IG from /workspace/temp/smart.who.int.trust#1.1.5                                         (00:00.024 / 00:00.025, 35Mb)
Build Formal Publication package, intended for http://smart.who.int/trust/v1.1.5                     (00:00.003 / 00:00.028, 35Mb)
API keys loaded from /home/publisher/.fhir/fhir-settings.json                                        (00:00.001 / 00:00.030, 35Mb)
Package Cache: /home/publisher/.fhir/packages                                                        (00:00.004 / 00:00.034, 35Mb)
Run Sushi on /workspace/temp/smart.who.int.trust#1.1.5                                               (00:00.002 / 00:00.037, 35Mb)
Sushi: info  Running SUSHI v3.12.1 (implements FHIR Shorthand specification v3.0.0)                  (00:00.410 / 00:00.448, 37Mb)
Sushi: info  Arguments:                                                                              (00:00.001 / 00:00.449, 37Mb)
Sushi: info    --require-latest                                                                      (00:00.001 / 00:00.450, 37Mb)
Sushi: info    --out /workspace/temp/smart.who.int.trust#1.1.5                                       (00:00.001 / 00:00.451, 37Mb)
Sushi: info    /workspace/temp/smart.who.int.trust#1.1.5                                             (00:00.001 / 00:00.453, 37Mb)
Sushi: info  Using configuration file: /workspace/temp/smart.who.int.trust#1.1.5/sushi-config.yaml   (00:00.375 / 00:00.828, 37Mb)
Sushi: warn  Configuration contains unexpected property: email. Check that this property is spelled, capitalized, and indented correctly. (00:00.110 / 00:00.939, 37Mb)
Sushi: info  Importing FSH text...                                                                   (00:00.001 / 00:00.941, 37Mb)
Sushi: info  Preprocessed 16 documents with 10 aliases.                                              (00:00.121 / 00:01.062, 37Mb)
Sushi: info  Imported 15 definitions and 0 instances.                                                (00:00.010 / 00:01.073, 37Mb)
Sushi: info  Checking /home/publisher/.fhir/packages for hl7.fhir.uv.tools#current...                (00:00.001 / 00:01.075, 37Mb)
Sushi: info  Did not find hl7.fhir.uv.tools#current in /home/publisher/.fhir/packages.               (00:00.020 / 00:01.095, 37Mb)
Sushi: info  Downloading hl7.fhir.uv.tools#current... https://build.fhir.org/ig/FHIR/fhir-tools-ig/branches/master/package.tgz (00:00.256 / 00:01.352, 37Mb)
Sushi: info  Downloaded hl7.fhir.uv.tools#current                                                    (00:00.040 / 00:01.393, 37Mb)
Sushi: info  Loaded package hl7.fhir.uv.tools#current                                                (00:00.063 / 00:01.456, 37Mb)
Sushi: info  Checking /home/publisher/.fhir/packages for hl7.terminology.r4#6.1.0...                 (00:00.384 / 00:01.841, 37Mb)
Sushi: info  Did not find hl7.terminology.r4#6.1.0 in /home/publisher/.fhir/packages.                (00:00.017 / 00:01.858, 37Mb)
Sushi: info  Downloading hl7.terminology.r4#6.1.0... https://packages.fhir.org/hl7.terminology.r4/6.1.0 (00:00.001 / 00:01.859, 37Mb)
Sushi: info  Downloaded hl7.terminology.r4#6.1.0                                                     (00:01.174 / 00:03.033, 37Mb)
Sushi: info  Loaded package hl7.terminology.r4#6.1.0                                                 (00:01.297 / 00:04.331, 37Mb)
Sushi: info  Checking /home/publisher/.fhir/packages for hl7.fhir.uv.extensions.r4#5.1.0...          (00:00.095 / 00:04.426, 37Mb)
Sushi: info  Did not find hl7.fhir.uv.extensions.r4#5.1.0 in /home/publisher/.fhir/packages.         (00:00.278 / 00:04.704, 37Mb)
Sushi: info  Downloading hl7.fhir.uv.extensions.r4#5.1.0... https://packages.fhir.org/hl7.fhir.uv.extensions.r4/5.1.0 (00:00.001 / 00:04.706, 37Mb)
Sushi: info  Downloaded hl7.fhir.uv.extensions.r4#5.1.0                                              (00:00.214 / 00:04.920, 37Mb)
Sushi: info  Loaded package hl7.fhir.uv.extensions.r4#5.1.0                                          (00:00.829 / 00:05.750, 37Mb)
Sushi: info  Checking /home/publisher/.fhir/packages for smart.who.int.base#0.1.0...                 (00:00.001 / 00:05.751, 37Mb)
Sushi: info  Did not find smart.who.int.base#0.1.0 in /home/publisher/.fhir/packages.                (00:00.394 / 00:06.146, 37Mb)
Sushi: info  Downloading smart.who.int.base#0.1.0... https://packages.fhir.org/smart.who.int.base/0.1.0 (00:00.001 / 00:06.147, 37Mb)
Sushi: info  Downloaded smart.who.int.base#0.1.0                                                     (00:00.093 / 00:06.241, 37Mb)
Sushi: info  Loaded package smart.who.int.base#0.1.0                                                 (00:00.452 / 00:06.694, 37Mb)
Sushi: info  Checking /home/publisher/.fhir/packages for who.ddcc#1.0.1...                           (00:00.001 / 00:06.695, 37Mb)
Sushi: info  Did not find who.ddcc#1.0.1 in /home/publisher/.fhir/packages.                          (00:00.410 / 00:07.106, 37Mb)
Sushi: info  Downloading who.ddcc#1.0.1... https://packages.fhir.org/who.ddcc/1.0.1                  (00:00.001 / 00:07.107, 37Mb)
Sushi: info  Downloaded who.ddcc#1.0.1                                                               (00:00.103 / 00:07.211, 37Mb)
Sushi: info  Loaded package who.ddcc#1.0.1                                                           (00:00.552 / 00:07.764, 37Mb)
Sushi: info  Checking /home/publisher/.fhir/packages for smart.who.int.icvp#0.1.0...                 (00:00.001 / 00:07.765, 37Mb)
Sushi: info  Did not find smart.who.int.icvp#0.1.0 in /home/publisher/.fhir/packages.                (00:00.490 / 00:08.256, 37Mb)
Sushi: info  Downloading smart.who.int.icvp#0.1.0... https://packages.fhir.org/smart.who.int.icvp/0.1.0 (00:00.001 / 00:08.257, 37Mb)
Sushi: info  Downloaded smart.who.int.icvp#0.1.0                                                     (00:00.094 / 00:08.352, 37Mb)
Sushi: info  Loaded package smart.who.int.icvp#0.1.0                                                 (00:00.534 / 00:08.887, 37Mb)
Sushi: info  Checking /home/publisher/.fhir/packages for hl7.fhir.r4.core#4.0.1...                   (00:00.001 / 00:08.888, 37Mb)
Sushi: info  Did not find hl7.fhir.r4.core#4.0.1 in /home/publisher/.fhir/packages.                  (00:00.517 / 00:09.406, 37Mb)
Sushi: info  Downloading hl7.fhir.r4.core#4.0.1... https://packages.fhir.org/hl7.fhir.r4.core/4.0.1  (00:00.001 / 00:09.407, 37Mb)
Sushi: info  Downloaded hl7.fhir.r4.core#4.0.1                                                       (00:00.486 / 00:09.894, 37Mb)
Sushi: info  Loaded package hl7.fhir.r4.core#4.0.1                                                   (00:01.802 / 00:11.696, 37Mb)
Sushi: info  Found 1 file in an input/* resource folder that was neither XML nor JSON. This file was not processed as a resource by SUSHI. To see the unprocessed file in the logs, run SUSHI with the "--log-level debug" flag. (00:00.033 / 00:11.730, 37Mb)
Sushi: info  Converting FSH to FHIR resources...                                                     (00:00.003 / 00:11.733, 37Mb)
Sushi: warn  Inadvisable path 1. Element names should be simple alphanumerics. See eld-20 at https://hl7.org/fhir/elementdefinition.html#ElementDefinition-inv. (00:00.066 / 00:11.800, 37Mb)
Sushi:   File: /workspace/temp/smart.who.int.trust#1.1.5/input/fsh/models/cose_header.fsh            (00:00.002 / 00:11.802, 37Mb)
Sushi:   Line: 9 - 10                                                                                (00:00.001 / 00:11.803, 37Mb)
Sushi: warn  Inadvisable path 4. Element names should be simple alphanumerics. See eld-20 at https://hl7.org/fhir/elementdefinition.html#ElementDefinition-inv. (00:00.001 / 00:11.805, 37Mb)
Sushi:   File: /workspace/temp/smart.who.int.trust#1.1.5/input/fsh/models/cose_header.fsh            (00:00.001 / 00:11.807, 37Mb)
Sushi:   Line: 11                                                                                    (00:00.001 / 00:11.808, 37Mb)
Sushi: warn  Inadvisable path 1. Element names should be simple alphanumerics. See eld-20 at https://hl7.org/fhir/elementdefinition.html#ElementDefinition-inv. (00:00.016 / 00:11.825, 37Mb)
Sushi:   File: /workspace/temp/smart.who.int.trust#1.1.5/input/fsh/models/cwt_payload.fsh            (00:00.001 / 00:11.827, 37Mb)
Sushi:   Line: 9 - 10                                                                                (00:00.001 / 00:11.828, 37Mb)
Sushi: warn  Inadvisable path 4. Element names should be simple alphanumerics. See eld-20 at https://hl7.org/fhir/elementdefinition.html#ElementDefinition-inv. (00:00.001 / 00:11.829, 37Mb)
Sushi:   File: /workspace/temp/smart.who.int.trust#1.1.5/input/fsh/models/cwt_payload.fsh            (00:00.001 / 00:11.831, 37Mb)
Sushi:   Line: 11                                                                                    (00:00.001 / 00:11.833, 37Mb)
Sushi: warn  Inadvisable path 6. Element names should be simple alphanumerics. See eld-20 at https://hl7.org/fhir/elementdefinition.html#ElementDefinition-inv. (00:00.001 / 00:11.834, 37Mb)
Sushi:   File: /workspace/temp/smart.who.int.trust#1.1.5/input/fsh/models/cwt_payload.fsh            (00:00.001 / 00:11.836, 37Mb)
Sushi:   Line: 12                                                                                    (00:00.001 / 00:11.838, 37Mb)
Sushi: warn  Inadvisable path -260. Element names should be simple alphanumerics. See eld-20 at https://hl7.org/fhir/elementdefinition.html#ElementDefinition-inv. (00:00.001 / 00:11.839, 37Mb)
Sushi:   File: /workspace/temp/smart.who.int.trust#1.1.5/input/fsh/models/cwt_payload.fsh            (00:00.001 / 00:11.841, 37Mb)
Sushi:   Line: 13                                                                                    (00:00.001 / 00:11.842, 37Mb)
Sushi: warn  Inadvisable path 1. Element names should be simple alphanumerics. See eld-20 at https://hl7.org/fhir/elementdefinition.html#ElementDefinition-inv. (00:00.004 / 00:11.846, 37Mb)
Sushi:   File: /workspace/temp/smart.who.int.trust#1.1.5/input/fsh/models/hcert.fsh                  (00:00.001 / 00:11.848, 37Mb)
Sushi:   Line: 26                                                                                    (00:00.001 / 00:11.849, 37Mb)
Sushi: warn  Inadvisable path 3. Element names should be simple alphanumerics. See eld-20 at https://hl7.org/fhir/elementdefinition.html#ElementDefinition-inv. (00:00.001 / 00:11.851, 37Mb)
Sushi:   File: /workspace/temp/smart.who.int.trust#1.1.5/input/fsh/models/hcert.fsh                  (00:00.001 / 00:11.853, 37Mb)
Sushi:   Line: 28                                                                                    (00:00.001 / 00:11.854, 37Mb)
Sushi: warn  Inadvisable path 4. Element names should be simple alphanumerics. See eld-20 at https://hl7.org/fhir/elementdefinition.html#ElementDefinition-inv. (00:00.001 / 00:11.855, 37Mb)
Sushi:   File: /workspace/temp/smart.who.int.trust#1.1.5/input/fsh/models/hcert.fsh                  (00:00.001 / 00:11.857, 37Mb)
Sushi:   Line: 29                                                                                    (00:00.001 / 00:11.859, 37Mb)
Sushi: warn  Inadvisable path 5. Element names should be simple alphanumerics. See eld-20 at https://hl7.org/fhir/elementdefinition.html#ElementDefinition-inv. (00:00.001 / 00:11.860, 37Mb)
Sushi:   File: /workspace/temp/smart.who.int.trust#1.1.5/input/fsh/models/hcert.fsh                  (00:00.001 / 00:11.862, 37Mb)
Sushi:   Line: 30                                                                                    (00:00.001 / 00:11.863, 37Mb)
Sushi: warn  Inadvisable path -6. Element names should be simple alphanumerics. See eld-20 at https://hl7.org/fhir/elementdefinition.html#ElementDefinition-inv. (00:00.001 / 00:11.865, 37Mb)
Sushi:   File: /workspace/temp/smart.who.int.trust#1.1.5/input/fsh/models/hcert.fsh                  (00:00.001 / 00:11.866, 37Mb)
Sushi:   Line: 31                                                                                    (00:00.001 / 00:11.868, 37Mb)
Sushi: info  Converted 7 FHIR StructureDefinitions.                                                  (00:00.023 / 00:11.891, 37Mb)
Sushi: info  Converted 4 FHIR CodeSystems.                                                           (00:00.071 / 00:11.963, 37Mb)
Sushi: info  Converted 4 FHIR ValueSets.                                                             (00:00.096 / 00:12.060, 37Mb)
Sushi: info  Exporting FHIR resources as JSON...                                                     (00:00.001 / 00:12.061, 37Mb)
Sushi: info  Exported 15 FHIR resources as JSON.                                                     (00:00.008 / 00:12.069, 37Mb)
Sushi: info  Assembling Implementation Guide sources...                                              (00:00.001 / 00:12.071, 37Mb)
Sushi: info  Generated ImplementationGuide-smart.who.int.trust.json                                  (00:00.026 / 00:12.097, 37Mb)
Sushi: info  Assembled Implementation Guide sources; ready for IG Publisher.                         (00:00.001 / 00:12.099, 37Mb)
Sushi: ========================= SUSHI RESULTS ===========================                           (00:00.001 / 00:12.100, 37Mb)
Sushi: |  -------------------------------------------------------------  |                           (00:00.001 / 00:12.101, 37Mb)
Sushi: | |    Profiles   |  Extensions  |   Logicals   |   Resources   | |                           (00:00.001 / 00:12.102, 37Mb)
Sushi: | |-------------------------------------------------------------| |                           (00:00.001 / 00:12.104, 37Mb)
Sushi: | |       0       |      0       |      7       |       0       | |                           (00:00.001 / 00:12.105, 37Mb)
Sushi: |  -------------------------------------------------------------  |                           (00:00.001 / 00:12.106, 37Mb)
Sushi: |  -------------------------------------------------------------  |                           (00:00.001 / 00:12.107, 37Mb)
Sushi: | |      ValueSets     |    CodeSystems    |     Instances      | |                           (00:00.001 / 00:12.108, 37Mb)
Sushi: | |-------------------------------------------------------------| |                           (00:00.001 / 00:12.109, 37Mb)
Sushi: | |         4          |         4         |         0          | |                           (00:00.001 / 00:12.111, 37Mb)
Sushi: |  -------------------------------------------------------------  |                           (00:00.002 / 00:12.112, 37Mb)
Sushi: |                                                                 |                           (00:00.001 / 00:12.113, 37Mb)
Sushi: ===================================================================                           (00:00.001 / 00:12.114, 37Mb)
Sushi: | Maybe you should scale back            0 Errors     12 Warnings |                           (00:00.001 / 00:12.116, 37Mb)
Sushi: ===================================================================                           (00:00.001 / 00:12.117, 37Mb)
Unable to load IG as an r5 IG - try R4 (property code is a class com.google.gson.JsonPrimitive looking for an object) (00:00.509 / 00:12.626, 18Mb)
Load Template from who.template.root#current                                                         (00:00.491 / 00:13.117, 31Mb)
Installing who.template.root#current to the package cache
  Fetching:

Installing who.template.root#current
 done.
 Load Template from fhir.base.template#current                                                       (00:01.115 / 00:14.233, 45Mb)
Installing fhir.base.template#current to the package cache
  Fetching:

Installing fhir.base.template#current
 done.

onLoad.findSpreadsheets:

onLoad.updateIg:
     [xslt] Processing /workspace/temp/smart.who.int.trust#1.1.5/template/onLoad-ig-working.xml to /workspace/temp/smart.who.int.trust#1.1.5/template/onLoad-ig-updated.xml
     [xslt] Loading stylesheet /workspace/temp/smart.who.int.trust#1.1.5/template/scripts/onLoad.xslt

onLoad.extend:

onLoad:
Root directory: /workspace/temp/smart.who.int.trust#1.1.5                                            (00:03.120 / 00:17.354, 119Mb)
Terminology Cache is at /workspace/temp/smart.who.int.trust#1.1.5/input-cache/txcache. Clearing now  (00:00.531 / 00:17.885, 94Mb)
Core Package hl7.fhir.r4.core#4.0.1
Running Terminology Log: /tmp/ohfu-fhir-ig-14435176475409514534.log
Connect to Terminology Server at http://tx.fhir.org                                                  (00:09.031 / 00:26.917, 270Mb)
Installing hl7.fhir.pubpack#0.2.0 to the package cache
  Fetching:

Installing hl7.fhir.pubpack#0.2.0
 done.
Load Package hl7.fhir.pubpack#0.2.0
Installing hl7.fhir.xver-extensions#0.1.0 to the package cache
  Fetching:

Installing hl7.fhir.xver-extensions#0.1.0
 done.
Load Package hl7.fhir.xver-extensions#0.1.0
Load Package hl7.terminology.r4#6.1.0
Load Package hl7.fhir.uv.extensions.r4#5.1.0
Installing hl7.terminology#5.5.0 to the package cache
  Fetching:

Installing hl7.terminology#5.5.0
 done.
Installing hl7.fhir.uv.extensions.r4#1.0.0 to the package cache
  Fetching:

Installing hl7.fhir.uv.extensions.r4#1.0.0
 done.
Load Package hl7.fhir.uv.extensions.r4#1.0.0
Load Package hl7.terminology#5.5.0
Installing hl7.fhir.uv.cql#1.0.0 to the package cache
  Fetching:

Installing hl7.fhir.uv.cql#1.0.0
 done.
Load Package hl7.fhir.uv.cql#1.0.0
Installing hl7.fhir.uv.crmi#1.0.0 to the package cache
  Fetching:

Installing hl7.fhir.uv.crmi#1.0.0
 done.
Load Package hl7.fhir.uv.crmi#1.0.0
Installing hl7.fhir.uv.sdc#3.0.0 to the package cache
  Fetching:

Installing hl7.fhir.uv.sdc#3.0.0
 done.
Ignore Dependency on Core FHIR hl7.fhir.r4.examples#4.0.1, from package 'hl7.fhir.uv.sdc#3.0.0'      (00:12.311 / 00:39.228, 391Mb)
Load Package hl7.fhir.uv.sdc#3.0.0
Load Package smart.who.int.base#0.1.0
Installing hl7.fhir.uv.ips#1.1.0 to the package cache
  Fetching:

Installing hl7.fhir.uv.ips#1.1.0
 done.
Installing hl7.terminology.r4#5.0.0 to the package cache
  Fetching:

Installing hl7.terminology.r4#5.0.0
 done.
Load Package hl7.terminology.r4#5.0.0
Installing fhir.dicom#2022.4.20221006 to the package cache
  Fetching:

Installing fhir.dicom#2022.4.20221006
 done.
Load Package fhir.dicom#2022.4.20221006
Load Package hl7.fhir.uv.ips#1.1.0
Installing hl7.fhir.uv.ipa#1.0.0 to the package cache
  Fetching:

Installing hl7.fhir.uv.ipa#1.0.0
 done.
Installing hl7.fhir.uv.smart-app-launch#2.0.0 to the package cache
  Fetching:

Installing hl7.fhir.uv.smart-app-launch#2.0.0
 done.
Load Package hl7.fhir.uv.smart-app-launch#2.0.0
Load Package hl7.fhir.uv.ipa#1.0.0
Installing ihe.iti.mhd#4.2.2 to the package cache
  Fetching:

Installing ihe.iti.mhd#4.2.2
 done.
Installing hl7.terminology.r4#5.5.0 to the package cache
  Fetching:

Installing hl7.terminology.r4#5.5.0
 done.
Load Package hl7.terminology.r4#5.5.0
Installing ihe.iti.balp#1.1.x to the package cache
  Fetching:

Installing ihe.iti.balp#1.1.3
 done.
Installing hl7.terminology.r4#5.3.0 to the package cache
  Fetching:

Installing hl7.terminology.r4#5.3.0
 done.
Load Package hl7.terminology.r4#5.3.0
Load Package ihe.iti.balp#1.1.3
Installing ihe.formatcode.fhir#1.2.x to the package cache
  Fetching:

Installing ihe.formatcode.fhir#1.2.0
 done.
Load Package ihe.formatcode.fhir#1.2.0
Load Package ihe.iti.mhd#4.2.2
Load Package who.ddcc#1.0.1
Installing hl7.terminology.r4#6.0.2 to the package cache
  Fetching:

Installing hl7.terminology.r4#6.0.2
 done.
Load Package hl7.terminology.r4#6.0.2
Installing hl7.fhir.uv.ips#2.0.0-ballot to the package cache
  Fetching:

Installing hl7.fhir.uv.ips#2.0.0-ballot
 done.
Load Package hl7.fhir.uv.ips#2.0.0-ballot
Installing ihe.iti.mcsd#3.8.0 to the package cache
  Fetching:

Installing ihe.iti.mcsd#3.8.0
 done.
Installing hl7.terminology.r4#3.1.0 to the package cache
  Fetching:

Installing hl7.terminology.r4#3.1.0
 done.
Load Package hl7.terminology.r4#3.1.0
Installing ihe.iti.balp#1.1.0 to the package cache
  Fetching:

Installing ihe.iti.balp#1.1.0
 done.
Load Package ihe.iti.balp#1.1.0
Load Package ihe.iti.mcsd#3.8.0
Installing smart.who.int.ts#0.1.0 to the package cache
  Fetching:

Installing smart.who.int.ts#0.1.0
 done.
Load Package smart.who.int.ts#0.1.0
Load Package smart.who.int.icvp#0.1.0
Installing hl7.fhir.uv.tools.r4#0.3.0 to the package cache
  Fetching:

Installing hl7.fhir.uv.tools.r4#0.3.0
 done.
Load Package hl7.fhir.uv.tools.r4#0.3.0
Load R5 Specials
Installing hl7.fhir.r5.core#5.0.0 to the package cache
  Fetching:

Installing hl7.fhir.r5.core#5.0.0
 done.
Initialization complete                                                                              (00:46.062 / 01:25.290, 1Gb)
Load Content                                                                                         (00:00.001 / 01:25.291, 1Gb)
Using en-US as the default narrative language. (no language information in Implementation Guide or command line) (00:00.090 / 01:25.382, 1Gb)
loadPrePages from FetchedFile[/workspace/temp/smart.who.int.trust#1.1.5/input/includes] as /workspace/temp/smart.who.int.trust#1.1.5/input/includes
loadPrePages from FetchedFile[/workspace/temp/smart.who.int.trust#1.1.5/fsh-generated/includes] as /workspace/temp/smart.who.int.trust#1.1.5/fsh-generated/includes
loadPrePages from FetchedFile[/workspace/temp/smart.who.int.trust#1.1.5/input/data] as /workspace/temp/smart.who.int.trust#1.1.5/input/data
loadPrePages from FetchedFile[/workspace/temp/smart.who.int.trust#1.1.5/input/pagecontent] as /workspace/temp/smart.who.int.trust#1.1.5/input/pagecontent
Fetch http://smart.who.int/trust/package-list.json for version check                                 (00:00.503 / 01:25.886, 1Gb)
Checking Language                                                                                    (00:00.312 / 01:26.198, 1Gb)
Processing Conformance Resources                                                                     (00:00.000 / 01:26.199, 1Gb)
Load Dependency Info                                                                                 (00:00.001 / 01:26.200, 1Gb)
Load Info                                                                                            (00:00.001 / 01:26.202, 1Gb)
Load Resources                                                                                       (00:00.001 / 01:26.203, 1Gb)
Load Paths                                                                                           (00:00.104 / 01:26.307, 1Gb)
Generating Snapshots                                                                                 (00:00.001 / 01:26.309, 1Gb)
Check R4 / R4B                                                                                       (00:00.263 / 01:26.572, 1Gb)
Assign Comparison Ids                                                                                (00:00.037 / 01:26.610, 726Mb)
Propagating status                                                                                   (00:00.001 / 01:26.611, 726Mb)
Generating Narratives                                                                                (00:00.001 / 01:26.613, 726Mb)
Validating Conformance Resources                                                                     (00:00.649 / 01:27.263, 864Mb)
Check profiles & code systems                                                                        (00:12.101 / 01:39.364, 871Mb)
Check realm rules                                                                                    (00:00.002 / 01:39.366, 871Mb)
Previous Version Comparison                                                                          (00:00.000 / 01:39.367, 871Mb)
Installing smart.who.int.trust#1.1.4 to the package cache
  Fetching:

Installing smart.who.int.trust#1.1.4
 done.
Installing hl7.fhir.r4.examples#4.0.1 to the package cache
  Fetching:

Installing hl7.fhir.r4.examples#4.0.1
 done.
Installing who.ddcc#1.0.0 to the package cache
  Fetching:

Installing who.ddcc#1.0.0
 done.
Validating Resources                                                                                 (00:29.591 / 02:08.959, 1Gb)
Processing Provenance Records                                                                        (00:00.001 / 02:08.961, 1Gb)
Generating Outputs in /workspace/temp/smart.who.int.trust#1.1.5/output                               (00:00.001 / 02:08.962, 1Gb)
Generate Native Outputs                                                                              (00:00.082 / 02:09.044, 1Gb)
Run Template                                                                                         (00:00.827 / 02:09.872, 1Gb)

onGenerate.checkVersions:
     [xslt] Processing /workspace/temp/smart.who.int.trust#1.1.5/template/onGenerate-ig-working.xml to /workspace/temp/smart.who.int.trust#1.1.5/template/versions.txt
     [xslt] Loading stylesheet /workspace/temp/smart.who.int.trust#1.1.5/template/scripts/onGenerate.getVersions.xslt

onGenerate.r5-schemas:
      [get] Getting: http://build.fhir.org/fhir-single.xsd
      [get] To: /workspace/temp/smart.who.int.trust#1.1.5/input-cache/schemas/R5/fhir-single.xsd
      [get] Not modified - so not downloaded
      [get] Getting: http://build.fhir.org/fhir-xhtml.xsd
      [get] To: /workspace/temp/smart.who.int.trust#1.1.5/input-cache/schemas/R5/fhir-xhtml.xsd
      [get] Not modified - so not downloaded
      [get] Getting: http://build.fhir.org/xml.xsd
      [get] To: /workspace/temp/smart.who.int.trust#1.1.5/input-cache/schemas/R5/xml.xsd
      [get] Not modified - so not downloaded
      [get] Getting: http://build.fhir.org/xmldsig-core-schema.xsd
      [get] To: /workspace/temp/smart.who.int.trust#1.1.5/input-cache/schemas/R5/xmldsig-core-schema.xsd
      [get] Not modified - so not downloaded

onGenerate.r4-schemas:
      [get] Getting: http://hl7.org/fhir/R4/fhir-single.xsd
      [get] To: /workspace/temp/smart.who.int.trust#1.1.5/input-cache/schemas/R4/fhir-single.xsd
      [get] Not modified - so not downloaded
      [get] Getting: http://hl7.org/fhir/R4/fhir-xhtml.xsd
      [get] To: /workspace/temp/smart.who.int.trust#1.1.5/input-cache/schemas/R4/fhir-xhtml.xsd
      [get] Not modified - so not downloaded
      [get] Getting: http://hl7.org/fhir/R4/xml.xsd
      [get] To: /workspace/temp/smart.who.int.trust#1.1.5/input-cache/schemas/R4/xml.xsd
      [get] Not modified - so not downloaded
      [get] Getting: http://hl7.org/fhir/R4/xmldsig-core-schema.xsd
      [get] To: /workspace/temp/smart.who.int.trust#1.1.5/input-cache/schemas/R4/xmldsig-core-schema.xsd
      [get] Not modified - so not downloaded

onGenerate.r3-schemas:

onGenerate.r2b-schemas:

onGenerate.r2-schemas:

onGenerate.schemas:

onGenerate.data:
     [xslt] Processing /workspace/temp/smart.who.int.trust#1.1.5/template/onGenerate-ig-working.xml to /workspace/temp/smart.who.int.trust#1.1.5/temp/pages/_data/artifacts.json
     [xslt] Loading stylesheet /workspace/temp/smart.who.int.trust#1.1.5/template/scripts/onGenerate.data.xslt

onGenerate.setup:

onGenerate.infoFile:
     [xslt] Processing /workspace/temp/smart.who.int.trust#1.1.5/template/onGenerate-ig-working.xml to /workspace/temp/smart.who.int.trust#1.1.5/temp/pages/_data/info.json
     [xslt] Loading stylesheet /workspace/temp/smart.who.int.trust#1.1.5/template/scripts/onGenerate.genJson.xslt

onGenerate.processIncludes:
     [copy] Copying 21 files to /workspace/temp/smart.who.int.trust#1.1.5/temp/pages/_includes

onGenerate.processIg:
     [xslt] Processing /workspace/temp/smart.who.int.trust#1.1.5/template/onGenerate-ig-working.xml to /workspace/temp/smart.who.int.trust#1.1.5/template/onGenerate-ig-working.1.xml
     [xslt] Loading stylesheet /workspace/temp/smart.who.int.trust#1.1.5/template/scripts/onGenerate.group.xslt
     [xslt] Processing /workspace/temp/smart.who.int.trust#1.1.5/template/onGenerate-ig-working.1.xml to /workspace/temp/smart.who.int.trust#1.1.5/template/onGenerate-ig-working.2.xml
     [xslt] Loading stylesheet /workspace/temp/smart.who.int.trust#1.1.5/template/scripts/onGenerate.groupSort.xslt
     [xslt] Processing /workspace/temp/smart.who.int.trust#1.1.5/template/onGenerate-ig-working.2.xml to /workspace/temp/smart.who.int.trust#1.1.5/template/onGenerate-ig-updated.xml
     [xslt] Loading stylesheet /workspace/temp/smart.who.int.trust#1.1.5/template/scripts/onGenerate.final.xslt

onGenerate.igQa:
     [xslt] Processing /workspace/temp/smart.who.int.trust#1.1.5/template/onGenerate-ig-updated.xml to /workspace/temp/smart.who.int.trust#1.1.5/template/ongenerate-validation-igqa.json
     [xslt] Loading stylesheet /workspace/temp/smart.who.int.trust#1.1.5/template/scripts/onGenerate.qa.xslt

onGenerate.artifactList:
     [xslt] Processing /workspace/temp/smart.who.int.trust#1.1.5/template/onGenerate-ig-updated.xml to /workspace/temp/smart.who.int.trust#1.1.5/temp/pages/_includes/artifacts.xml
     [xslt] Loading stylesheet /workspace/temp/smart.who.int.trust#1.1.5/template/scripts/createArtifactSummary.xslt

check-plantumlfiles:

onGenerate.plantUml.ig:

onGenerate.plantUml.template:

onGenerate.plantUml:

onGenerate.copyDataFiles:

onGenerate.extend:

onGenerate:
Template Done                                                                                        (00:02.389 / 02:12.261, 1Gb)
Generate HTML Outputs                                                                                (00:00.000 / 02:12.262, 1Gb)
Generate HTML Outputs for ImplementationGuide/smart.who.int.trust                                    (00:00.002 / 02:12.264, 1Gb)
Generate HTML Outputs for CodeSystem/WHO.TRUST.ACTOR                                                 (00:00.070 / 02:12.334, 1Gb)
ERROR StatusLogger Log4j2 could not find a logging implementation. Please add log4j-core to the classpath. Using SimpleLogger to log to the console...
Generate HTML Outputs for CodeSystem/WHO.TRUST.DOMAIN                                                (00:06.600 / 02:18.934, 1Gb)
Generate HTML Outputs for CodeSystem/WHO.TRUST.KEYUSAGE                                              (00:00.239 / 02:19.174, 1Gb)
Generate HTML Outputs for CodeSystem/WHO.TRUST.TRANSACTION                                           (00:00.191 / 02:19.366, 1Gb)
Generate HTML Outputs for StructureDefinition/COSEHeader                                             (00:00.163 / 02:19.529, 1Gb)
Generate HTML Outputs for StructureDefinition/CWT                                                    (00:00.678 / 02:20.207, 1Gb)
Generate HTML Outputs for StructureDefinition/CWTPayload                                             (00:00.293 / 02:20.501, 1Gb)
Generate HTML Outputs for StructureDefinition/HCert                                                  (00:00.177 / 02:20.679, 1Gb)
Generate HTML Outputs for StructureDefinition/SchemeInformation                                      (00:00.161 / 02:20.841, 2Gb)
Generate HTML Outputs for StructureDefinition/SmartHealthLink                                        (00:00.395 / 02:21.236, 2Gb)
Generate HTML Outputs for StructureDefinition/SmartHealthLinkPayload                                 (00:00.126 / 02:21.362, 2Gb)
Generate HTML Outputs for ValueSet/WHO.TRUST.ACTOR                                                   (00:00.170 / 02:21.532, 2Gb)
Generate HTML Outputs for ValueSet/WHO.TRUST.DOMAIN                                                  (00:12.026 / 02:33.559, 3Gb)
Generate HTML Outputs for ValueSet/WHO.TRUST.KEYUSAGE                                                (00:00.144 / 02:33.703, 3Gb)
Generate HTML Outputs for ValueSet/WHO.TRUST.TRANSACTION                                             (00:00.138 / 02:33.841, 3Gb)
Generate Summaries                                                                                   (00:01.126 / 02:34.968, 3Gb)
Generating Summary Outputs                                                                           (00:00.002 / 02:34.970, 3Gb)
DB Cumulative Time invested: 00:00:00.121
Sending Usage Stats to Server                                                                        (00:15.281 / 02:50.251, 3Gb)
## Memory (MB): Use = 3153, Free = 942, Total = 4096, Max = 4096                                     (00:00.004 / 02:50.255, 3Gb)
Reclaiming memory...                                                                                 (00:00.000 / 02:50.256, 3Gb)
## Memory (MB): Use = 2893, Free = 1202, Total = 4096, Max = 4096                                    (00:01.488 / 02:51.745, 2Gb)
Run jekyll: jekyll build --destination "/workspace/temp/smart.who.int.trust#1.1.5/output" (in folder /workspace/temp/smart.who.int.trust#1.1.5/temp/pages) (00:00.002 / 02:51.747, 2Gb)
Troubleshooting Note: usual cases for Jekyll to fail are:                                            (00:00.001 / 02:51.748, 2Gb)
* A failure to produce a fragment that is already logged in the output above                         (00:00.001 / 02:51.749, 2Gb)
* A reference to a manually edited file that hasn't been provided                                    (00:00.001 / 02:51.750, 2Gb)
Jekyll: Source: /workspace/temp/smart.who.int.trust#1.1.5/temp/pages                                 (00:00.360 / 02:52.111, 2Gb)
Jekyll: Generating...                                                                                (00:00.001 / 02:52.113, 2Gb)
Jekyll: done in 1.236 seconds.                                                                       (00:01.235 / 02:53.348, 2Gb)

onCheck.extend:

onCheck:

Installing smart.who.int.trust#1.1.5
 done.
Checking Output HTML                                                                                 (00:00.805 / 02:54.153, 3Gb)
found 835 files                                                                                      (00:00.007 / 02:54.161, 3Gb)
.........................................
.........................................
  ... 835 html files, 1 page invalid xhtml (0%)                                                      (00:03.511 / 02:57.673, 3Gb)
  ... 17472 links, 159 broken link (0%)                                                              (00:00.001 / 02:57.674, 3Gb)
Generate fragment-usage-analysis.csv                                                                 (00:00.000 / 02:57.675, 3Gb)
Build final .zip                                                                                     (00:00.005 / 02:57.681, 3Gb)
Final .zip built                                                                                     (00:03.141 / 03:00.823, 3Gb)
Built. Times: loading: 00:00.905, generate: 01:42.283, narrative generation: 00:00.647, realm-rules: 00:00.000, previous-version: 00:29.579, jekyll: 00:01.612, validation: 00:12.099 (#16), template: 00:02.397 (#3) (00:07.672 / 03:08.495, 2Gb)
Generating QA                                                                                        (00:00.002 / 03:08.497, 2Gb)
Internal error in location for message: 'Error @1, 1: Found / expecting a token name', loc = '/workspace/temp/smart.who.int.trust#1.1.5/output/references.html', err = 'The html source has duplicate anchor Ids: 2'
Validation output in /workspace/temp/smart.who.int.trust#1.1.5/output/qa.html
Errors: 2, Warnings: 34, Info: 7, Broken Links: 160 (00:01.040 / 03:09.538, 3Gb)
Finished. Max Memory Used = 3Gb. Log file saved in /tmp/fhir-ig-publisher-tmp.log                    (00:00.008 / 03:09.546, 3Gb)
Prepare Build space in /workspace/temp/smart.who.int.trust#1.1.5-milestone
Build IG at /workspace/source: final copy suitable for publication (in /workspace/temp/smart.who.int.trust#1.1.5-milestone) (milestone build)
FHIR IG Publisher Version 1.8.3 (Git# 709dc76d8981). Built 2024-12-18T00:20:53.138Z (53 hours old)  
Detected Java version: 23-ea from /usr/local/openjdk-23 on Linux/amd64 (64bit). 4096MB available    
dir = /workspace, path = /home/publisher/bin:/home/publisher/bin/ig-publisher-scripts:/home/publisher/.node/bin:/usr/local/openjdk-23/bin:/usr/local/sbin:/usr/local/bin:/usr/sbin:/usr/bin:/sbin:/bin
Parameters: -ig /workspace/temp/smart.who.int.trust#1.1.5-milestone -publish http://smart.who.int/trust/v1.1.5 -milestone -no-exit
Start Clock @ Friday, December 20, 2024, 6:06:54 AM Coordinated Universal Time (2024-12-20T06:06:54Z)
                                                                                                    
Build FHIR IG from /workspace/temp/smart.who.int.trust#1.1.5-milestone                               (00:00.003 / 00:00.003, 3Gb)
Build Formal Publication package, intended for http://smart.who.int/trust/v1.1.5                     (00:00.001 / 00:00.004, 3Gb)
API keys loaded from /home/publisher/.fhir/fhir-settings.json                                        (00:00.000 / 00:00.005, 3Gb)
Package Cache: /home/publisher/.fhir/packages                                                        (00:00.000 / 00:00.006, 3Gb)
Run Sushi on /workspace/temp/smart.who.int.trust#1.1.5-milestone                                     (00:00.001 / 00:00.007, 3Gb)
Sushi: info  Running SUSHI v3.12.1 (implements FHIR Shorthand specification v3.0.0)                  (00:00.384 / 00:00.391, 3Gb)
Sushi: info  Arguments:                                                                              (00:00.001 / 00:00.392, 3Gb)
Sushi: info    --require-latest                                                                      (00:00.001 / 00:00.394, 3Gb)
Sushi: info    --out /workspace/temp/smart.who.int.trust#1.1.5-milestone                             (00:00.001 / 00:00.395, 3Gb)
Sushi: info    /workspace/temp/smart.who.int.trust#1.1.5-milestone                                   (00:00.001 / 00:00.396, 3Gb)
Sushi: info  Using configuration file: /workspace/temp/smart.who.int.trust#1.1.5-milestone/sushi-config.yaml (00:00.641 / 00:01.038, 3Gb)
Sushi: warn  Configuration contains unexpected property: email. Check that this property is spelled, capitalized, and indented correctly. (00:00.116 / 00:01.154, 3Gb)
Sushi: info  Importing FSH text...                                                                   (00:00.001 / 00:01.155, 3Gb)
Sushi: info  Preprocessed 16 documents with 10 aliases.                                              (00:00.120 / 00:01.275, 3Gb)
Sushi: info  Imported 15 definitions and 0 instances.                                                (00:00.009 / 00:01.284, 3Gb)
Sushi: info  Checking /home/publisher/.fhir/packages for hl7.fhir.uv.tools#current...                (00:00.001 / 00:01.286, 3Gb)
Sushi: info  Found hl7.fhir.uv.tools#current in /home/publisher/.fhir/packages.                      (00:00.043 / 00:01.329, 3Gb)
Sushi: info  Loaded package hl7.fhir.uv.tools#current                                                (00:00.192 / 00:01.522, 3Gb)
Sushi: info  Checking /home/publisher/.fhir/packages for hl7.terminology.r4#6.1.0...                 (00:00.372 / 00:01.894, 3Gb)
Sushi: info  Found hl7.terminology.r4#6.1.0 in /home/publisher/.fhir/packages.                       (00:00.547 / 00:02.441, 3Gb)
Sushi: info  Loaded package hl7.terminology.r4#6.1.0                                                 (00:00.001 / 00:02.442, 3Gb)
Sushi: info  Checking /home/publisher/.fhir/packages for hl7.fhir.uv.extensions.r4#5.1.0...          (00:00.096 / 00:02.539, 3Gb)
Sushi: info  Found hl7.fhir.uv.extensions.r4#5.1.0 in /home/publisher/.fhir/packages.                (00:00.516 / 00:03.055, 3Gb)
Sushi: info  Loaded package hl7.fhir.uv.extensions.r4#5.1.0                                          (00:00.001 / 00:03.056, 3Gb)
Sushi: info  Checking /home/publisher/.fhir/packages for smart.who.int.base#0.1.0...                 (00:00.001 / 00:03.057, 3Gb)
Sushi: info  Found smart.who.int.base#0.1.0 in /home/publisher/.fhir/packages.                       (00:00.421 / 00:03.479, 3Gb)
Sushi: info  Loaded package smart.who.int.base#0.1.0                                                 (00:00.000 / 00:03.480, 3Gb)
Sushi: info  Checking /home/publisher/.fhir/packages for who.ddcc#1.0.1...                           (00:00.000 / 00:03.481, 3Gb)
Sushi: info  Found who.ddcc#1.0.1 in /home/publisher/.fhir/packages.                                 (00:00.533 / 00:04.015, 3Gb)
Sushi: info  Loaded package who.ddcc#1.0.1                                                           (00:00.001 / 00:04.016, 3Gb)
Sushi: info  Checking /home/publisher/.fhir/packages for smart.who.int.icvp#0.1.0...                 (00:00.001 / 00:04.017, 3Gb)
Sushi: info  Found smart.who.int.icvp#0.1.0 in /home/publisher/.fhir/packages.                       (00:00.541 / 00:04.559, 3Gb)
Sushi: info  Loaded package smart.who.int.icvp#0.1.0                                                 (00:00.000 / 00:04.560, 3Gb)
Sushi: info  Checking /home/publisher/.fhir/packages for hl7.fhir.r4.core#4.0.1...                   (00:00.000 / 00:04.561, 3Gb)
Sushi: info  Found hl7.fhir.r4.core#4.0.1 in /home/publisher/.fhir/packages.                         (00:01.047 / 00:05.608, 3Gb)
Sushi: info  Loaded package hl7.fhir.r4.core#4.0.1                                                   (00:00.001 / 00:05.610, 3Gb)
Sushi: info  Found 1 file in an input/* resource folder that was neither XML nor JSON. This file was not processed as a resource by SUSHI. To see the unprocessed file in the logs, run SUSHI with the "--log-level debug" flag. (00:00.034 / 00:05.645, 3Gb)
Sushi: info  Converting FSH to FHIR resources...                                                     (00:00.002 / 00:05.647, 3Gb)
Sushi: warn  Inadvisable path 1. Element names should be simple alphanumerics. See eld-20 at https://hl7.org/fhir/elementdefinition.html#ElementDefinition-inv. (00:00.060 / 00:05.708, 3Gb)
Sushi:   File: /workspace/temp/smart.who.int.trust#1.1.5-milestone/input/fsh/models/cose_header.fsh  (00:00.001 / 00:05.710, 3Gb)
Sushi:   Line: 9 - 10                                                                                (00:00.001 / 00:05.711, 3Gb)
Sushi: warn  Inadvisable path 4. Element names should be simple alphanumerics. See eld-20 at https://hl7.org/fhir/elementdefinition.html#ElementDefinition-inv. (00:00.001 / 00:05.712, 3Gb)
Sushi:   File: /workspace/temp/smart.who.int.trust#1.1.5-milestone/input/fsh/models/cose_header.fsh  (00:00.001 / 00:05.714, 3Gb)
Sushi:   Line: 11                                                                                    (00:00.001 / 00:05.715, 3Gb)
Sushi: warn  Inadvisable path 1. Element names should be simple alphanumerics. See eld-20 at https://hl7.org/fhir/elementdefinition.html#ElementDefinition-inv. (00:00.019 / 00:05.735, 3Gb)
Sushi:   File: /workspace/temp/smart.who.int.trust#1.1.5-milestone/input/fsh/models/cwt_payload.fsh  (00:00.001 / 00:05.736, 3Gb)
Sushi:   Line: 9 - 10                                                                                (00:00.000 / 00:05.737, 3Gb)
Sushi: warn  Inadvisable path 4. Element names should be simple alphanumerics. See eld-20 at https://hl7.org/fhir/elementdefinition.html#ElementDefinition-inv. (00:00.000 / 00:05.738, 3Gb)
Sushi:   File: /workspace/temp/smart.who.int.trust#1.1.5-milestone/input/fsh/models/cwt_payload.fsh  (00:00.001 / 00:05.739, 3Gb)
Sushi:   Line: 11                                                                                    (00:00.000 / 00:05.740, 3Gb)
Sushi: warn  Inadvisable path 6. Element names should be simple alphanumerics. See eld-20 at https://hl7.org/fhir/elementdefinition.html#ElementDefinition-inv. (00:00.000 / 00:05.741, 3Gb)
Sushi:   File: /workspace/temp/smart.who.int.trust#1.1.5-milestone/input/fsh/models/cwt_payload.fsh  (00:00.001 / 00:05.743, 3Gb)
Sushi:   Line: 12                                                                                    (00:00.000 / 00:05.743, 3Gb)
Sushi: warn  Inadvisable path -260. Element names should be simple alphanumerics. See eld-20 at https://hl7.org/fhir/elementdefinition.html#ElementDefinition-inv. (00:00.000 / 00:05.744, 3Gb)
Sushi:   File: /workspace/temp/smart.who.int.trust#1.1.5-milestone/input/fsh/models/cwt_payload.fsh  (00:00.001 / 00:05.746, 3Gb)
Sushi:   Line: 13                                                                                    (00:00.000 / 00:05.747, 3Gb)
Sushi: warn  Inadvisable path 1. Element names should be simple alphanumerics. See eld-20 at https://hl7.org/fhir/elementdefinition.html#ElementDefinition-inv. (00:00.003 / 00:05.750, 3Gb)
Sushi:   File: /workspace/temp/smart.who.int.trust#1.1.5-milestone/input/fsh/models/hcert.fsh        (00:00.001 / 00:05.751, 3Gb)
Sushi:   Line: 26                                                                                    (00:00.000 / 00:05.752, 3Gb)
Sushi: warn  Inadvisable path 3. Element names should be simple alphanumerics. See eld-20 at https://hl7.org/fhir/elementdefinition.html#ElementDefinition-inv. (00:00.000 / 00:05.753, 3Gb)
Sushi:   File: /workspace/temp/smart.who.int.trust#1.1.5-milestone/input/fsh/models/hcert.fsh        (00:00.001 / 00:05.754, 3Gb)
Sushi:   Line: 28                                                                                    (00:00.001 / 00:05.755, 3Gb)
Sushi: warn  Inadvisable path 4. Element names should be simple alphanumerics. See eld-20 at https://hl7.org/fhir/elementdefinition.html#ElementDefinition-inv. (00:00.001 / 00:05.756, 3Gb)
Sushi:   File: /workspace/temp/smart.who.int.trust#1.1.5-milestone/input/fsh/models/hcert.fsh        (00:00.001 / 00:05.758, 3Gb)
Sushi:   Line: 29                                                                                    (00:00.001 / 00:05.759, 3Gb)
Sushi: warn  Inadvisable path 5. Element names should be simple alphanumerics. See eld-20 at https://hl7.org/fhir/elementdefinition.html#ElementDefinition-inv. (00:00.001 / 00:05.760, 3Gb)
Sushi:   File: /workspace/temp/smart.who.int.trust#1.1.5-milestone/input/fsh/models/hcert.fsh        (00:00.001 / 00:05.762, 3Gb)
Sushi:   Line: 30                                                                                    (00:00.001 / 00:05.763, 3Gb)
Sushi: warn  Inadvisable path -6. Element names should be simple alphanumerics. See eld-20 at https://hl7.org/fhir/elementdefinition.html#ElementDefinition-inv. (00:00.001 / 00:05.764, 3Gb)
Sushi:   File: /workspace/temp/smart.who.int.trust#1.1.5-milestone/input/fsh/models/hcert.fsh        (00:00.001 / 00:05.765, 3Gb)
Sushi:   Line: 31                                                                                    (00:00.001 / 00:05.766, 3Gb)
Sushi: info  Converted 7 FHIR StructureDefinitions.                                                  (00:00.024 / 00:05.791, 3Gb)
Sushi: info  Converted 4 FHIR CodeSystems.                                                           (00:00.073 / 00:05.864, 3Gb)
Sushi: info  Converted 4 FHIR ValueSets.                                                             (00:00.098 / 00:05.962, 3Gb)
Sushi: info  Exporting FHIR resources as JSON...                                                     (00:00.001 / 00:05.964, 3Gb)
Sushi: info  Exported 15 FHIR resources as JSON.                                                     (00:00.007 / 00:05.971, 3Gb)
Sushi: info  Assembling Implementation Guide sources...                                              (00:00.001 / 00:05.973, 3Gb)
Sushi: info  Generated ImplementationGuide-smart.who.int.trust.json                                  (00:00.023 / 00:05.996, 3Gb)
Sushi: info  Assembled Implementation Guide sources; ready for IG Publisher.                         (00:00.000 / 00:05.997, 3Gb)
Sushi: ========================= SUSHI RESULTS ===========================                           (00:00.001 / 00:05.998, 3Gb)
Sushi: |  -------------------------------------------------------------  |                           (00:00.000 / 00:05.999, 3Gb)
Sushi: | |    Profiles   |  Extensions  |   Logicals   |   Resources   | |                           (00:00.000 / 00:06.000, 3Gb)
Sushi: | |-------------------------------------------------------------| |                           (00:00.000 / 00:06.001, 3Gb)
Sushi: | |       0       |      0       |      7       |       0       | |                           (00:00.000 / 00:06.002, 3Gb)
Sushi: |  -------------------------------------------------------------  |                           (00:00.000 / 00:06.003, 3Gb)
Sushi: |  -------------------------------------------------------------  |                           (00:00.000 / 00:06.004, 3Gb)
Sushi: | |      ValueSets     |    CodeSystems    |     Instances      | |                           (00:00.000 / 00:06.004, 3Gb)
Sushi: | |-------------------------------------------------------------| |                           (00:00.000 / 00:06.005, 3Gb)
Sushi: | |         4          |         4         |         0          | |                           (00:00.000 / 00:06.006, 3Gb)
Sushi: |  -------------------------------------------------------------  |                           (00:00.000 / 00:06.007, 3Gb)
Sushi: |                                                                 |                           (00:00.000 / 00:06.008, 3Gb)
Sushi: ===================================================================                           (00:00.000 / 00:06.009, 3Gb)
Sushi: | Did you do this on porpoise?           0 Errors     12 Warnings |                           (00:00.000 / 00:06.010, 3Gb)
Sushi: ===================================================================                           (00:00.000 / 00:06.011, 3Gb)
Unable to load IG as an r5 IG - try R4 (property code is a class com.google.gson.JsonPrimitive looking for an object) (00:00.020 / 00:06.031, 3Gb)
Load Template from who.template.root#current                                                         (00:00.028 / 00:06.060, 3Gb)
 Load Template from fhir.base.template#current                                                       (00:00.438 / 00:06.498, 2Gb)

onLoad.findSpreadsheets:

onLoad.updateIg:
     [xslt] Processing /workspace/temp/smart.who.int.trust#1.1.5-milestone/template/onLoad-ig-working.xml to /workspace/temp/smart.who.int.trust#1.1.5-milestone/template/onLoad-ig-updated.xml
     [xslt] Loading stylesheet /workspace/temp/smart.who.int.trust#1.1.5-milestone/template/scripts/onLoad.xslt

onLoad.extend:

onLoad:
Root directory: /workspace/temp/smart.who.int.trust#1.1.5-milestone                                  (00:01.824 / 00:08.322, 3Gb)
Terminology Cache is at /workspace/temp/smart.who.int.trust#1.1.5-milestone/input-cache/txcache. 8 files in cache (00:00.621 / 00:08.943, 3Gb)
Core Package hl7.fhir.r4.core#4.0.1
Running Terminology Log: /tmp/ohfu-fhir-ig-2433959998991379746.log
Connect to Terminology Server at http://tx.fhir.org                                                  (00:01.520 / 00:10.464, 3Gb)
Load Package hl7.fhir.pubpack#0.2.0
Load Package hl7.fhir.xver-extensions#0.1.0
Load Package hl7.terminology.r4#6.1.0
Load Package hl7.fhir.uv.extensions.r4#5.1.0
Load Package hl7.fhir.uv.extensions.r4#1.0.0
Load Package hl7.terminology#5.5.0
Load Package hl7.fhir.uv.cql#1.0.0
Load Package hl7.fhir.uv.crmi#1.0.0
Ignore Dependency on Core FHIR hl7.fhir.r4.examples#4.0.1, from package 'hl7.fhir.uv.sdc#3.0.0'      (00:05.060 / 00:15.524, 3Gb)
Load Package hl7.fhir.uv.sdc#3.0.0
Load Package smart.who.int.base#0.1.0
Load Package hl7.terminology.r4#5.0.0
Load Package fhir.dicom#2022.4.20221006
Load Package hl7.fhir.uv.ips#1.1.0
Load Package hl7.fhir.uv.smart-app-launch#2.0.0
Load Package hl7.fhir.uv.ipa#1.0.0
Load Package hl7.terminology.r4#5.5.0
Load Package hl7.terminology.r4#5.3.0
Load Package ihe.iti.balp#1.1.3
Load Package ihe.formatcode.fhir#1.2.0
Load Package ihe.iti.mhd#4.2.2
Load Package who.ddcc#1.0.1
Load Package hl7.terminology.r4#6.0.2
Load Package hl7.fhir.uv.ips#2.0.0-ballot
Load Package hl7.terminology.r4#3.1.0
Load Package ihe.iti.balp#1.1.0
Load Package ihe.iti.mcsd#3.8.0
Load Package smart.who.int.ts#0.1.0
Load Package smart.who.int.icvp#0.1.0
Load Package hl7.fhir.uv.tools.r4#0.3.0
Load R5 Specials
Initialization complete                                                                              (00:13.883 / 00:29.408, 1Gb)
Load Content                                                                                         (00:00.000 / 00:29.408, 1Gb)
Using en-US as the default narrative language. (no language information in Implementation Guide or command line) (00:00.012 / 00:29.420, 1Gb)
loadPrePages from FetchedFile[/workspace/temp/smart.who.int.trust#1.1.5-milestone/input/includes] as /workspace/temp/smart.who.int.trust#1.1.5-milestone/input/includes
loadPrePages from FetchedFile[/workspace/temp/smart.who.int.trust#1.1.5-milestone/fsh-generated/includes] as /workspace/temp/smart.who.int.trust#1.1.5-milestone/fsh-generated/includes
loadPrePages from FetchedFile[/workspace/temp/smart.who.int.trust#1.1.5-milestone/input/data] as /workspace/temp/smart.who.int.trust#1.1.5-milestone/input/data
loadPrePages from FetchedFile[/workspace/temp/smart.who.int.trust#1.1.5-milestone/input/pagecontent] as /workspace/temp/smart.who.int.trust#1.1.5-milestone/input/pagecontent
Fetch http://smart.who.int/trust/package-list.json for version check                                 (00:00.201 / 00:29.622, 1Gb)
Checking Language                                                                                    (00:00.124 / 00:29.747, 1Gb)
Processing Conformance Resources                                                                     (00:00.001 / 00:29.748, 1Gb)
Load Dependency Info                                                                                 (00:00.001 / 00:29.749, 1Gb)
Load Info                                                                                            (00:00.001 / 00:29.751, 1Gb)
Load Resources                                                                                       (00:00.001 / 00:29.752, 1Gb)
Load Paths                                                                                           (00:00.074 / 00:29.826, 1Gb)
Generating Snapshots                                                                                 (00:00.000 / 00:29.827, 1Gb)
Check R4 / R4B                                                                                       (00:00.045 / 00:29.872, 1Gb)
Assign Comparison Ids                                                                                (00:00.003 / 00:29.876, 1Gb)
Propagating status                                                                                   (00:00.000 / 00:29.877, 1Gb)
Generating Narratives                                                                                (00:00.000 / 00:29.878, 1Gb)
Validating Conformance Resources                                                                     (00:00.353 / 00:30.231, 1Gb)
Check profiles & code systems                                                                        (00:08.883 / 00:39.115, 1Gb)
Check realm rules                                                                                    (00:00.001 / 00:39.116, 1Gb)
Previous Version Comparison                                                                          (00:00.000 / 00:39.117, 1Gb)
Validating Resources                                                                                 (00:16.000 / 00:55.117, 2Gb)
Processing Provenance Records                                                                        (00:00.001 / 00:55.118, 2Gb)
Generating Outputs in /workspace/temp/smart.who.int.trust#1.1.5-milestone/output                     (00:00.001 / 00:55.119, 2Gb)
Generate Native Outputs                                                                              (00:00.070 / 00:55.190, 2Gb)
Run Template                                                                                         (00:00.748 / 00:55.938, 2Gb)

onGenerate.checkVersions:
     [xslt] Processing /workspace/temp/smart.who.int.trust#1.1.5-milestone/template/onGenerate-ig-working.xml to /workspace/temp/smart.who.int.trust#1.1.5-milestone/template/versions.txt
     [xslt] Loading stylesheet /workspace/temp/smart.who.int.trust#1.1.5-milestone/template/scripts/onGenerate.getVersions.xslt

onGenerate.r5-schemas:
      [get] Getting: http://build.fhir.org/fhir-single.xsd
      [get] To: /workspace/temp/smart.who.int.trust#1.1.5-milestone/input-cache/schemas/R5/fhir-single.xsd
      [get] Not modified - so not downloaded
      [get] Getting: http://build.fhir.org/fhir-xhtml.xsd
      [get] To: /workspace/temp/smart.who.int.trust#1.1.5-milestone/input-cache/schemas/R5/fhir-xhtml.xsd
      [get] Not modified - so not downloaded
      [get] Getting: http://build.fhir.org/xml.xsd
      [get] To: /workspace/temp/smart.who.int.trust#1.1.5-milestone/input-cache/schemas/R5/xml.xsd
      [get] Not modified - so not downloaded
      [get] Getting: http://build.fhir.org/xmldsig-core-schema.xsd
      [get] To: /workspace/temp/smart.who.int.trust#1.1.5-milestone/input-cache/schemas/R5/xmldsig-core-schema.xsd
      [get] Not modified - so not downloaded

onGenerate.r4-schemas:
      [get] Getting: http://hl7.org/fhir/R4/fhir-single.xsd
      [get] To: /workspace/temp/smart.who.int.trust#1.1.5-milestone/input-cache/schemas/R4/fhir-single.xsd
      [get] Not modified - so not downloaded
      [get] Getting: http://hl7.org/fhir/R4/fhir-xhtml.xsd
      [get] To: /workspace/temp/smart.who.int.trust#1.1.5-milestone/input-cache/schemas/R4/fhir-xhtml.xsd
      [get] Not modified - so not downloaded
      [get] Getting: http://hl7.org/fhir/R4/xml.xsd
      [get] To: /workspace/temp/smart.who.int.trust#1.1.5-milestone/input-cache/schemas/R4/xml.xsd
      [get] Not modified - so not downloaded
      [get] Getting: http://hl7.org/fhir/R4/xmldsig-core-schema.xsd
      [get] To: /workspace/temp/smart.who.int.trust#1.1.5-milestone/input-cache/schemas/R4/xmldsig-core-schema.xsd
      [get] Not modified - so not downloaded

onGenerate.r3-schemas:

onGenerate.r2b-schemas:

onGenerate.r2-schemas:

onGenerate.schemas:

onGenerate.data:
     [xslt] Processing /workspace/temp/smart.who.int.trust#1.1.5-milestone/template/onGenerate-ig-working.xml to /workspace/temp/smart.who.int.trust#1.1.5-milestone/temp/pages/_data/artifacts.json
     [xslt] Loading stylesheet /workspace/temp/smart.who.int.trust#1.1.5-milestone/template/scripts/onGenerate.data.xslt

onGenerate.setup:

onGenerate.infoFile:
     [xslt] Processing /workspace/temp/smart.who.int.trust#1.1.5-milestone/template/onGenerate-ig-working.xml to /workspace/temp/smart.who.int.trust#1.1.5-milestone/temp/pages/_data/info.json
     [xslt] Loading stylesheet /workspace/temp/smart.who.int.trust#1.1.5-milestone/template/scripts/onGenerate.genJson.xslt

onGenerate.processIncludes:
     [copy] Copying 21 files to /workspace/temp/smart.who.int.trust#1.1.5-milestone/temp/pages/_includes

onGenerate.processIg:
     [xslt] Processing /workspace/temp/smart.who.int.trust#1.1.5-milestone/template/onGenerate-ig-working.xml to /workspace/temp/smart.who.int.trust#1.1.5-milestone/template/onGenerate-ig-working.1.xml
     [xslt] Loading stylesheet /workspace/temp/smart.who.int.trust#1.1.5-milestone/template/scripts/onGenerate.group.xslt
     [xslt] Processing /workspace/temp/smart.who.int.trust#1.1.5-milestone/template/onGenerate-ig-working.1.xml to /workspace/temp/smart.who.int.trust#1.1.5-milestone/template/onGenerate-ig-working.2.xml
     [xslt] Loading stylesheet /workspace/temp/smart.who.int.trust#1.1.5-milestone/template/scripts/onGenerate.groupSort.xslt
     [xslt] Processing /workspace/temp/smart.who.int.trust#1.1.5-milestone/template/onGenerate-ig-working.2.xml to /workspace/temp/smart.who.int.trust#1.1.5-milestone/template/onGenerate-ig-updated.xml
     [xslt] Loading stylesheet /workspace/temp/smart.who.int.trust#1.1.5-milestone/template/scripts/onGenerate.final.xslt

onGenerate.igQa:
     [xslt] Processing /workspace/temp/smart.who.int.trust#1.1.5-milestone/template/onGenerate-ig-updated.xml to /workspace/temp/smart.who.int.trust#1.1.5-milestone/template/ongenerate-validation-igqa.json
     [xslt] Loading stylesheet /workspace/temp/smart.who.int.trust#1.1.5-milestone/template/scripts/onGenerate.qa.xslt

onGenerate.artifactList:
     [xslt] Processing /workspace/temp/smart.who.int.trust#1.1.5-milestone/template/onGenerate-ig-updated.xml to /workspace/temp/smart.who.int.trust#1.1.5-milestone/temp/pages/_includes/artifacts.xml
     [xslt] Loading stylesheet /workspace/temp/smart.who.int.trust#1.1.5-milestone/template/scripts/createArtifactSummary.xslt

check-plantumlfiles:

onGenerate.plantUml.ig:

onGenerate.plantUml.template:

onGenerate.plantUml:

onGenerate.copyDataFiles:

onGenerate.extend:

onGenerate:
Template Done                                                                                        (00:01.971 / 00:57.910, 2Gb)
Generate HTML Outputs                                                                                (00:00.001 / 00:57.911, 2Gb)
Generate HTML Outputs for ImplementationGuide/smart.who.int.trust                                    (00:00.001 / 00:57.912, 2Gb)
Generate HTML Outputs for CodeSystem/WHO.TRUST.ACTOR                                                 (00:00.035 / 00:57.948, 2Gb)
Generate HTML Outputs for CodeSystem/WHO.TRUST.DOMAIN                                                (00:04.786 / 01:02.734, 1Gb)
Generate HTML Outputs for CodeSystem/WHO.TRUST.KEYUSAGE                                              (00:00.105 / 01:02.840, 1Gb)
Generate HTML Outputs for CodeSystem/WHO.TRUST.TRANSACTION                                           (00:00.106 / 01:02.946, 1Gb)
Generate HTML Outputs for StructureDefinition/COSEHeader                                             (00:00.103 / 01:03.049, 1Gb)
Generate HTML Outputs for StructureDefinition/CWT                                                    (00:00.097 / 01:03.147, 1Gb)
Generate HTML Outputs for StructureDefinition/CWTPayload                                             (00:00.092 / 01:03.240, 2Gb)
Generate HTML Outputs for StructureDefinition/HCert                                                  (00:00.082 / 01:03.322, 2Gb)
Generate HTML Outputs for StructureDefinition/SchemeInformation                                      (00:00.104 / 01:03.427, 2Gb)
Generate HTML Outputs for StructureDefinition/SmartHealthLink                                        (00:00.286 / 01:03.713, 2Gb)
Generate HTML Outputs for StructureDefinition/SmartHealthLinkPayload                                 (00:00.098 / 01:03.812, 2Gb)
Generate HTML Outputs for ValueSet/WHO.TRUST.ACTOR                                                   (00:00.134 / 01:03.947, 2Gb)
Generate HTML Outputs for ValueSet/WHO.TRUST.DOMAIN                                                  (00:09.705 / 01:13.653, 3Gb)
Generate HTML Outputs for ValueSet/WHO.TRUST.KEYUSAGE                                                (00:00.129 / 01:13.783, 3Gb)
Generate HTML Outputs for ValueSet/WHO.TRUST.TRANSACTION                                             (00:00.146 / 01:13.929, 3Gb)
Generate Summaries                                                                                   (00:00.717 / 01:14.646, 3Gb)
Generating Summary Outputs                                                                           (00:00.001 / 01:14.647, 3Gb)
DB Cumulative Time invested: 00:00:00.112
Sending Usage Stats to Server                                                                        (00:15.182 / 01:29.830, 3Gb)
## Memory (MB): Use = 3599, Free = 496, Total = 4096, Max = 4096                                     (00:00.001 / 01:29.831, 3Gb)
Reclaiming memory...                                                                                 (00:00.000 / 01:29.832, 3Gb)
## Memory (MB): Use = 2894, Free = 1201, Total = 4096, Max = 4096                                    (00:01.266 / 01:31.099, 2Gb)
Run jekyll: jekyll build --destination "/workspace/temp/smart.who.int.trust#1.1.5-milestone/output" (in folder /workspace/temp/smart.who.int.trust#1.1.5-milestone/temp/pages) (00:00.001 / 01:31.101, 2Gb)
Troubleshooting Note: usual cases for Jekyll to fail are:                                            (00:00.001 / 01:31.103, 2Gb)
* A failure to produce a fragment that is already logged in the output above                         (00:00.001 / 01:31.104, 2Gb)
* A reference to a manually edited file that hasn't been provided                                    (00:00.001 / 01:31.105, 2Gb)
Jekyll: Source: /workspace/temp/smart.who.int.trust#1.1.5-milestone/temp/pages                       (00:00.343 / 01:31.448, 2Gb)
Jekyll: Generating...                                                                                (00:00.001 / 01:31.449, 2Gb)
Jekyll: done in 1.202 seconds.                                                                       (00:01.201 / 01:32.651, 2Gb)

onCheck.extend:

onCheck:

Installing smart.who.int.trust#1.1.5
Checking Output HTML                                                                                 (00:00.187 / 01:32.839, 2Gb)
found 835 files                                                                                      (00:00.006 / 01:32.845, 2Gb)
.........................................
.........................................
  ... 835 html files, 1 page invalid xhtml (0%)                                                      (00:01.800 / 01:34.645, 3Gb)
  ... 17472 links, 159 broken link (0%)                                                              (00:00.001 / 01:34.646, 3Gb)
Generate fragment-usage-analysis.csv                                                                 (00:00.000 / 01:34.647, 3Gb)
Build final .zip                                                                                     (00:00.005 / 01:34.653, 3Gb)
Final .zip built                                                                                     (00:03.113 / 01:37.766, 3Gb)
Built. Times: loading: 00:00.337, generate: 01:15.227, narrative generation: 00:00.352, realm-rules: 00:00.000, previous-version: 00:15.996, jekyll: 00:01.559, validation: 00:08.881 (#16), template: 00:01.976 (#3) (00:07.208 / 01:44.975, 3Gb)
Generating QA                                                                                        (00:00.001 / 01:44.976, 3Gb)
Internal error in location for message: 'Error @1, 1: Found / expecting a token name', loc = '/workspace/temp/smart.who.int.trust#1.1.5-milestone/output/references.html', err = 'The html source has duplicate anchor Ids: 2'
Validation output in /workspace/temp/smart.who.int.trust#1.1.5-milestone/output/qa.html
Errors: 2, Warnings: 34, Info: 7, Broken Links: 160 (00:00.555 / 01:45.532, 2Gb)
Finished. Max Memory Used = 3Gb. Log file saved in /tmp/fhir-ig-publisher-tmp.log                    (00:00.004 / 01:45.536, 2Gb)
Keep a copy of the build directory at /workspace/temp/web-root/run-20241220/ig-build-zips/smart.who.int.trust#1.1.5.zip
Sending usage stats failed: Connection timed out

ok. All checks passed. Publish v1.1.5 to /workspace/temp/web-root/run-20241220/trust/v1.1.5
Copy the IG to /workspace/temp/web-root/run-20241220/trust/v1.1.5
Update /workspace/temp/web-root/run-20241220/trust/package-list.json
Publish Box Statement: This page is part of the Trust (v1.1.5: Release) based on <a no-external="true" href="http://hl7.org/fhir/R4">FHIR (HL7® FHIR® Standard) R4</a>. This is the current published version in its permanent home (it will always be available at this URL).  For a full list of available versions, see the <a no-external="true" href="http://smart.who.int/trust/history.html">Directory of published versions</a>
no html insert in /workspace/temp/web-root/run-20241220/trust/v1.1.5/qa-txservers.html
no html insert in /workspace/temp/web-root/run-20241220/trust/v1.1.5/openapi/oauth2-redirect.html
  .. 150 files checked, 150 updated
  .. 56 clones checked, 112 updated
  .. 16 redirections (16 created/updated)
This is a milestone release - publish v1.1.5 to /workspace/temp/web-root/run-20241220/trust
Publish Box Statement: This page is part of the Trust (v1.1.5: Release) based on <a no-external="true" href="http://hl7.org/fhir/R4">FHIR (HL7® FHIR® Standard) R4</a>. This is the current published version.  For a full list of available versions, see the <a no-external="true" href="http://smart.who.int/trust/history.html">Directory of published versions</a>
no html insert in /workspace/temp/smart.who.int.trust#1.1.5-milestone/output/qa-txservers.html
no html insert in /workspace/temp/smart.who.int.trust#1.1.5-milestone/output/openapi/oauth2-redirect.html
  .. 150 files checked, 150 updated
  .. 56 clones checked, 112 updated
  .. 16 redirections (16 created/updated)
Check for Files to delete
  ... 0 files
Copy to new IG to /workspace/temp/web-root/run-20241220/trust
[Fatal Error] :1:1: Content is not allowed in prolog.
Unable to process RSS feed /workspace/temp/web-root/run-20241220/publication-feed.xml as XML - processing as text instead (Content is not allowed in prolog.)
Update history page at /workspace/temp/web-root/run-20241220/trust from /workspace/history-template and /workspace/webroot/templates
Build is complete. Copy from /workspace/temp/web-root/run-20241220
smart.who.int.trust (http://smart.who.int/trust): Trust @ http://worldhealthorganization.github.io/smart-trust
  release: Releases 1.1.5/4.0.1 @ http://smart.who.int/trust/v1.1.5
