FHIR IG Publisher Version 1.8.3 (Git# 709dc76d8981). Built 2024-12-18T00:20:53.138Z (36 hours old)
Detected Java version: 23-ea from /usr/local/openjdk-23 on amd64 (64bit). 4096MB available
dir = /workspace, path = /home/publisher/bin:/home/publisher/bin/ig-publisher-scripts:/home/publisher/.node/bin:/usr/local/openjdk-23/bin:/usr/local/sbin:/usr/local/bin:/usr/sbin:/usr/bin:/sbin:/bin
Parameters: -go-publish -package-cache-folder /workspace/fhir-package-cache -source /workspace/source -web /workspace/webroot -temp /workspace/temp -registry /workspace/ig-registry/fhir-ig-list.json -history /workspace/history-template -templates /workspace/webroot/templates
---------------
Publication Run: publish /workspace/source to /workspace/webroot
Run Number: 3
Relative directory for IG is '/trust'
===== Web Publication Run Details ===============================
 Source IG: smart.who.int.trust#1.1.6 : http://smart.who.int/trust (R4) from /workspace/source
All checks passed. Do the publication build from /workspace/source and publish to /workspace/temp/web-root/run-20241219/trust
Prepare Build space in /workspace/temp/smart.who.int.trust#1.1.6
Build IG at /workspace/source: final copy suitable for publication (in /workspace/temp/smart.who.int.trust#1.1.6)
FHIR IG Publisher Version 1.8.3 (Git# 709dc76d8981). Built 2024-12-18T00:20:53.138Z (36 hours old)  
Detected Java version: 23-ea from /usr/local/openjdk-23 on Linux/amd64 (64bit). 4096MB available    
dir = /workspace, path = /home/publisher/bin:/home/publisher/bin/ig-publisher-scripts:/home/publisher/.node/bin:/usr/local/openjdk-23/bin:/usr/local/sbin:/usr/local/bin:/usr/sbin:/usr/bin:/sbin:/bin
Parameters: -ig /workspace/temp/smart.who.int.trust#1.1.6 -resetTx -publish http://smart.who.int/trust/v1.1.5 -no-exit
Start Clock @ Thursday, December 19, 2024, 12:42:45 PM Coordinated Universal Time (2024-12-19T12:42:45Z)
                                                                                                    
Build FHIR IG from /workspace/temp/smart.who.int.trust#1.1.6                                         (00:00.024 / 00:00.025, 35Mb)
Build Formal Publication package, intended for http://smart.who.int/trust/v1.1.5                     (00:00.003 / 00:00.027, 35Mb)
API keys loaded from /home/publisher/.fhir/fhir-settings.json                                        (00:00.001 / 00:00.029, 35Mb)
Package Cache: /home/publisher/.fhir/packages                                                        (00:00.004 / 00:00.033, 35Mb)
Run Sushi on /workspace/temp/smart.who.int.trust#1.1.6                                               (00:00.002 / 00:00.035, 35Mb)
Sushi: info  Running SUSHI v3.12.1 (implements FHIR Shorthand specification v3.0.0)                  (00:00.424 / 00:00.459, 36Mb)
Sushi: info  Arguments:                                                                              (00:00.001 / 00:00.461, 36Mb)
Sushi: info    --require-latest                                                                      (00:00.001 / 00:00.462, 36Mb)
Sushi: info    --out /workspace/temp/smart.who.int.trust#1.1.6                                       (00:00.001 / 00:00.463, 36Mb)
Sushi: info    /workspace/temp/smart.who.int.trust#1.1.6                                             (00:00.001 / 00:00.464, 36Mb)
Sushi: info  Using configuration file: /workspace/temp/smart.who.int.trust#1.1.6/sushi-config.yaml   (00:00.379 / 00:00.844, 36Mb)
Sushi: warn  Configuration contains unexpected property: email. Check that this property is spelled, capitalized, and indented correctly. (00:00.121 / 00:00.966, 36Mb)
Sushi: info  Importing FSH text...                                                                   (00:00.001 / 00:00.968, 36Mb)
Sushi: info  Preprocessed 16 documents with 10 aliases.                                              (00:00.115 / 00:01.083, 36Mb)
Sushi: info  Imported 15 definitions and 0 instances.                                                (00:00.009 / 00:01.093, 36Mb)
Sushi: info  Checking /home/publisher/.fhir/packages for hl7.fhir.uv.tools#current...                (00:00.001 / 00:01.094, 36Mb)
Sushi: info  Did not find hl7.fhir.uv.tools#current in /home/publisher/.fhir/packages.               (00:00.020 / 00:01.114, 36Mb)
Sushi: info  Downloading hl7.fhir.uv.tools#current... https://build.fhir.org/ig/FHIR/fhir-tools-ig/branches/master/package.tgz (00:00.276 / 00:01.391, 36Mb)
Sushi: info  Downloaded hl7.fhir.uv.tools#current                                                    (00:00.059 / 00:01.451, 36Mb)
Sushi: info  Loaded package hl7.fhir.uv.tools#current                                                (00:00.063 / 00:01.515, 36Mb)
Sushi: info  Checking /home/publisher/.fhir/packages for hl7.terminology.r4#6.1.0...                 (00:00.468 / 00:01.983, 36Mb)
Sushi: info  Did not find hl7.terminology.r4#6.1.0 in /home/publisher/.fhir/packages.                (00:00.016 / 00:02.000, 36Mb)
Sushi: info  Downloading hl7.terminology.r4#6.1.0... https://packages.fhir.org/hl7.terminology.r4/6.1.0 (00:00.001 / 00:02.001, 36Mb)
Sushi: info  Downloaded hl7.terminology.r4#6.1.0                                                     (00:01.444 / 00:03.445, 36Mb)
Sushi: info  Loaded package hl7.terminology.r4#6.1.0                                                 (00:01.308 / 00:04.754, 36Mb)
Sushi: info  Checking /home/publisher/.fhir/packages for hl7.fhir.uv.extensions.r4#5.1.0...          (00:00.115 / 00:04.869, 36Mb)
Sushi: info  Did not find hl7.fhir.uv.extensions.r4#5.1.0 in /home/publisher/.fhir/packages.         (00:00.296 / 00:05.166, 36Mb)
Sushi: info  Downloading hl7.fhir.uv.extensions.r4#5.1.0... https://packages.fhir.org/hl7.fhir.uv.extensions.r4/5.1.0 (00:00.001 / 00:05.168, 36Mb)
Sushi: info  Downloaded hl7.fhir.uv.extensions.r4#5.1.0                                              (00:00.238 / 00:05.406, 36Mb)
Sushi: info  Loaded package hl7.fhir.uv.extensions.r4#5.1.0                                          (00:00.839 / 00:06.245, 36Mb)
Sushi: info  Checking /home/publisher/.fhir/packages for smart.who.int.base#0.1.0...                 (00:00.001 / 00:06.247, 36Mb)
Sushi: info  Did not find smart.who.int.base#0.1.0 in /home/publisher/.fhir/packages.                (00:00.400 / 00:06.647, 36Mb)
Sushi: info  Downloading smart.who.int.base#0.1.0... https://packages.fhir.org/smart.who.int.base/0.1.0 (00:00.001 / 00:06.648, 36Mb)
Sushi: info  Downloaded smart.who.int.base#0.1.0                                                     (00:00.115 / 00:06.764, 36Mb)
Sushi: info  Loaded package smart.who.int.base#0.1.0                                                 (00:00.458 / 00:07.222, 36Mb)
Sushi: info  Checking /home/publisher/.fhir/packages for who.ddcc#1.0.1...                           (00:00.001 / 00:07.223, 36Mb)
Sushi: info  Did not find who.ddcc#1.0.1 in /home/publisher/.fhir/packages.                          (00:00.421 / 00:07.645, 36Mb)
Sushi: info  Downloading who.ddcc#1.0.1... https://packages.fhir.org/who.ddcc/1.0.1                  (00:00.001 / 00:07.646, 36Mb)
Sushi: info  Downloaded who.ddcc#1.0.1                                                               (00:00.132 / 00:07.778, 36Mb)
Sushi: info  Loaded package who.ddcc#1.0.1                                                           (00:00.563 / 00:08.342, 36Mb)
Sushi: info  Checking /home/publisher/.fhir/packages for smart.who.int.icvp#0.1.0...                 (00:00.001 / 00:08.344, 36Mb)
Sushi: info  Did not find smart.who.int.icvp#0.1.0 in /home/publisher/.fhir/packages.                (00:00.503 / 00:08.847, 36Mb)
Sushi: info  Downloading smart.who.int.icvp#0.1.0... https://packages.fhir.org/smart.who.int.icvp/0.1.0 (00:00.001 / 00:08.849, 36Mb)
Sushi: info  Downloaded smart.who.int.icvp#0.1.0                                                     (00:00.112 / 00:08.961, 36Mb)
Sushi: info  Loaded package smart.who.int.icvp#0.1.0                                                 (00:00.547 / 00:09.509, 36Mb)
Sushi: info  Checking /home/publisher/.fhir/packages for hl7.fhir.r4.core#4.0.1...                   (00:00.001 / 00:09.511, 36Mb)
Sushi: info  Did not find hl7.fhir.r4.core#4.0.1 in /home/publisher/.fhir/packages.                  (00:00.529 / 00:10.040, 36Mb)
Sushi: info  Downloading hl7.fhir.r4.core#4.0.1... https://packages.fhir.org/hl7.fhir.r4.core/4.0.1  (00:00.001 / 00:10.041, 36Mb)
Sushi: info  Downloaded hl7.fhir.r4.core#4.0.1                                                       (00:00.595 / 00:10.637, 36Mb)
Sushi: info  Loaded package hl7.fhir.r4.core#4.0.1                                                   (00:01.795 / 00:12.433, 36Mb)
Sushi: info  Found 1 file in an input/* resource folder that was neither XML nor JSON. This file was not processed as a resource by SUSHI. To see the unprocessed file in the logs, run SUSHI with the "--log-level debug" flag. (00:00.033 / 00:12.466, 36Mb)
Sushi: info  Converting FSH to FHIR resources...                                                     (00:00.002 / 00:12.469, 36Mb)
Sushi: warn  Inadvisable path 1. Element names should be simple alphanumerics. See eld-20 at https://hl7.org/fhir/elementdefinition.html#ElementDefinition-inv. (00:00.065 / 00:12.535, 36Mb)
Sushi:   File: /workspace/temp/smart.who.int.trust#1.1.6/input/fsh/models/cose_header.fsh            (00:00.002 / 00:12.537, 36Mb)
Sushi:   Line: 9 - 10                                                                                (00:00.001 / 00:12.538, 36Mb)
Sushi: warn  Inadvisable path 4. Element names should be simple alphanumerics. See eld-20 at https://hl7.org/fhir/elementdefinition.html#ElementDefinition-inv. (00:00.001 / 00:12.539, 36Mb)
Sushi:   File: /workspace/temp/smart.who.int.trust#1.1.6/input/fsh/models/cose_header.fsh            (00:00.001 / 00:12.541, 36Mb)
Sushi:   Line: 11                                                                                    (00:00.001 / 00:12.543, 36Mb)
Sushi: warn  Inadvisable path 1. Element names should be simple alphanumerics. See eld-20 at https://hl7.org/fhir/elementdefinition.html#ElementDefinition-inv. (00:00.018 / 00:12.561, 36Mb)
Sushi:   File: /workspace/temp/smart.who.int.trust#1.1.6/input/fsh/models/cwt_payload.fsh            (00:00.001 / 00:12.563, 36Mb)
Sushi:   Line: 9 - 10                                                                                (00:00.001 / 00:12.564, 36Mb)
Sushi: warn  Inadvisable path 4. Element names should be simple alphanumerics. See eld-20 at https://hl7.org/fhir/elementdefinition.html#ElementDefinition-inv. (00:00.001 / 00:12.565, 37Mb)
Sushi:   File: /workspace/temp/smart.who.int.trust#1.1.6/input/fsh/models/cwt_payload.fsh            (00:00.001 / 00:12.566, 37Mb)
Sushi:   Line: 11                                                                                    (00:00.001 / 00:12.567, 37Mb)
Sushi: warn  Inadvisable path 6. Element names should be simple alphanumerics. See eld-20 at https://hl7.org/fhir/elementdefinition.html#ElementDefinition-inv. (00:00.001 / 00:12.569, 37Mb)
Sushi:   File: /workspace/temp/smart.who.int.trust#1.1.6/input/fsh/models/cwt_payload.fsh            (00:00.001 / 00:12.570, 37Mb)
Sushi:   Line: 12                                                                                    (00:00.001 / 00:12.572, 37Mb)
Sushi: warn  Inadvisable path -260. Element names should be simple alphanumerics. See eld-20 at https://hl7.org/fhir/elementdefinition.html#ElementDefinition-inv. (00:00.001 / 00:12.573, 37Mb)
Sushi:   File: /workspace/temp/smart.who.int.trust#1.1.6/input/fsh/models/cwt_payload.fsh            (00:00.001 / 00:12.574, 37Mb)
Sushi:   Line: 13                                                                                    (00:00.001 / 00:12.575, 37Mb)
Sushi: warn  Inadvisable path 1. Element names should be simple alphanumerics. See eld-20 at https://hl7.org/fhir/elementdefinition.html#ElementDefinition-inv. (00:00.003 / 00:12.579, 37Mb)
Sushi:   File: /workspace/temp/smart.who.int.trust#1.1.6/input/fsh/models/hcert.fsh                  (00:00.001 / 00:12.580, 37Mb)
Sushi:   Line: 26                                                                                    (00:00.001 / 00:12.581, 37Mb)
Sushi: warn  Inadvisable path 3. Element names should be simple alphanumerics. See eld-20 at https://hl7.org/fhir/elementdefinition.html#ElementDefinition-inv. (00:00.001 / 00:12.582, 37Mb)
Sushi:   File: /workspace/temp/smart.who.int.trust#1.1.6/input/fsh/models/hcert.fsh                  (00:00.001 / 00:12.584, 37Mb)
Sushi:   Line: 28                                                                                    (00:00.001 / 00:12.585, 37Mb)
Sushi: warn  Inadvisable path 4. Element names should be simple alphanumerics. See eld-20 at https://hl7.org/fhir/elementdefinition.html#ElementDefinition-inv. (00:00.001 / 00:12.586, 37Mb)
Sushi:   File: /workspace/temp/smart.who.int.trust#1.1.6/input/fsh/models/hcert.fsh                  (00:00.001 / 00:12.588, 37Mb)
Sushi:   Line: 29                                                                                    (00:00.001 / 00:12.589, 37Mb)
Sushi: warn  Inadvisable path 5. Element names should be simple alphanumerics. See eld-20 at https://hl7.org/fhir/elementdefinition.html#ElementDefinition-inv. (00:00.001 / 00:12.590, 37Mb)
Sushi:   File: /workspace/temp/smart.who.int.trust#1.1.6/input/fsh/models/hcert.fsh                  (00:00.001 / 00:12.592, 37Mb)
Sushi:   Line: 30                                                                                    (00:00.001 / 00:12.593, 37Mb)
Sushi: warn  Inadvisable path -6. Element names should be simple alphanumerics. See eld-20 at https://hl7.org/fhir/elementdefinition.html#ElementDefinition-inv. (00:00.001 / 00:12.594, 37Mb)
Sushi:   File: /workspace/temp/smart.who.int.trust#1.1.6/input/fsh/models/hcert.fsh                  (00:00.001 / 00:12.596, 37Mb)
Sushi:   Line: 31                                                                                    (00:00.001 / 00:12.597, 37Mb)
Sushi: info  Converted 7 FHIR StructureDefinitions.                                                  (00:00.026 / 00:12.624, 37Mb)
Sushi: info  Converted 4 FHIR CodeSystems.                                                           (00:00.074 / 00:12.699, 37Mb)
Sushi: info  Converted 4 FHIR ValueSets.                                                             (00:00.096 / 00:12.795, 37Mb)
Sushi: info  Exporting FHIR resources as JSON...                                                     (00:00.001 / 00:12.796, 37Mb)
Sushi: info  Exported 15 FHIR resources as JSON.                                                     (00:00.008 / 00:12.804, 37Mb)
Sushi: info  Assembling Implementation Guide sources...                                              (00:00.001 / 00:12.805, 37Mb)
Sushi: info  Generated ImplementationGuide-smart.who.int.trust.json                                  (00:00.023 / 00:12.828, 37Mb)
Sushi: info  Assembled Implementation Guide sources; ready for IG Publisher.                         (00:00.001 / 00:12.829, 37Mb)
Sushi: ========================= SUSHI RESULTS ===========================                           (00:00.001 / 00:12.830, 37Mb)
Sushi: |  -------------------------------------------------------------  |                           (00:00.001 / 00:12.832, 37Mb)
Sushi: | |    Profiles   |  Extensions  |   Logicals   |   Resources   | |                           (00:00.001 / 00:12.833, 37Mb)
Sushi: | |-------------------------------------------------------------| |                           (00:00.001 / 00:12.834, 37Mb)
Sushi: | |       0       |      0       |      7       |       0       | |                           (00:00.001 / 00:12.835, 37Mb)
Sushi: |  -------------------------------------------------------------  |                           (00:00.001 / 00:12.836, 37Mb)
Sushi: |  -------------------------------------------------------------  |                           (00:00.001 / 00:12.837, 37Mb)
Sushi: | |      ValueSets     |    CodeSystems    |     Instances      | |                           (00:00.001 / 00:12.838, 37Mb)
Sushi: | |-------------------------------------------------------------| |                           (00:00.001 / 00:12.839, 37Mb)
Sushi: | |         4          |         4         |         0          | |                           (00:00.001 / 00:12.841, 37Mb)
Sushi: |  -------------------------------------------------------------  |                           (00:00.001 / 00:12.842, 37Mb)
Sushi: |                                                                 |                           (00:00.001 / 00:12.843, 37Mb)
Sushi: ===================================================================                           (00:00.001 / 00:12.844, 37Mb)
Sushi: | Don't get stuck in the doldrums.       0 Errors     12 Warnings |                           (00:00.001 / 00:12.845, 37Mb)
Sushi: ===================================================================                           (00:00.001 / 00:12.846, 37Mb)
Unable to load IG as an r5 IG - try R4 (property code is a class com.google.gson.JsonPrimitive looking for an object) (00:00.511 / 00:13.358, 18Mb)
Load Template from who.template.root#current                                                         (00:00.525 / 00:13.883, 31Mb)
Installing who.template.root#current to the package cache
  Fetching:

Installing who.template.root#current
 done.
 Load Template from fhir.base.template#current                                                       (00:01.263 / 00:15.147, 45Mb)
Installing fhir.base.template#current to the package cache
  Fetching:

Installing fhir.base.template#current
 done.

onLoad.findSpreadsheets:

onLoad.updateIg:
     [xslt] Processing /workspace/temp/smart.who.int.trust#1.1.6/template/onLoad-ig-working.xml to /workspace/temp/smart.who.int.trust#1.1.6/template/onLoad-ig-updated.xml
     [xslt] Loading stylesheet /workspace/temp/smart.who.int.trust#1.1.6/template/scripts/onLoad.xslt

onLoad.extend:

onLoad:
Root directory: /workspace/temp/smart.who.int.trust#1.1.6                                            (00:03.220 / 00:18.367, 114Mb)
Terminology Cache is at /workspace/temp/smart.who.int.trust#1.1.6/input-cache/txcache. Clearing now  (00:00.523 / 00:18.891, 133Mb)
Core Package hl7.fhir.r4.core#4.0.1
Running Terminology Log: /tmp/ohfu-fhir-ig-13450126161139062954.log
Connect to Terminology Server at http://tx.fhir.org                                                  (00:08.920 / 00:27.811, 310Mb)
Installing hl7.fhir.pubpack#0.2.0 to the package cache
  Fetching:

Installing hl7.fhir.pubpack#0.2.0
 done.
Load Package hl7.fhir.pubpack#0.2.0
Installing hl7.fhir.xver-extensions#0.1.0 to the package cache
  Fetching:

Installing hl7.fhir.xver-extensions#0.1.0
 done.
Load Package hl7.fhir.xver-extensions#0.1.0
Load Package hl7.terminology.r4#6.1.0
Load Package hl7.fhir.uv.extensions.r4#5.1.0
Installing hl7.terminology#5.5.0 to the package cache
  Fetching:

Installing hl7.terminology#5.5.0
 done.
Installing hl7.fhir.uv.extensions.r4#1.0.0 to the package cache
  Fetching:

Installing hl7.fhir.uv.extensions.r4#1.0.0
 done.
Load Package hl7.fhir.uv.extensions.r4#1.0.0
Load Package hl7.terminology#5.5.0
Installing hl7.fhir.uv.cql#1.0.0 to the package cache
  Fetching:

Installing hl7.fhir.uv.cql#1.0.0
 done.
Load Package hl7.fhir.uv.cql#1.0.0
Installing hl7.fhir.uv.crmi#1.0.0 to the package cache
  Fetching:

Installing hl7.fhir.uv.crmi#1.0.0
 done.
Load Package hl7.fhir.uv.crmi#1.0.0
Installing hl7.fhir.uv.sdc#3.0.0 to the package cache
  Fetching:

Installing hl7.fhir.uv.sdc#3.0.0
 done.
Ignore Dependency on Core FHIR hl7.fhir.r4.examples#4.0.1, from package 'hl7.fhir.uv.sdc#3.0.0'      (00:12.272 / 00:40.083, 502Mb)
Load Package hl7.fhir.uv.sdc#3.0.0
Load Package smart.who.int.base#0.1.0
Installing hl7.fhir.uv.ips#1.1.0 to the package cache
  Fetching:

Installing hl7.fhir.uv.ips#1.1.0
 done.
Installing hl7.terminology.r4#5.0.0 to the package cache
  Fetching:

Installing hl7.terminology.r4#5.0.0
 done.
Load Package hl7.terminology.r4#5.0.0
Installing fhir.dicom#2022.4.20221006 to the package cache
  Fetching:

Installing fhir.dicom#2022.4.20221006
 done.
Load Package fhir.dicom#2022.4.20221006
Load Package hl7.fhir.uv.ips#1.1.0
Installing hl7.fhir.uv.ipa#1.0.0 to the package cache
  Fetching:

Installing hl7.fhir.uv.ipa#1.0.0
 done.
Installing hl7.fhir.uv.smart-app-launch#2.0.0 to the package cache
  Fetching:

Installing hl7.fhir.uv.smart-app-launch#2.0.0
 done.
Load Package hl7.fhir.uv.smart-app-launch#2.0.0
Load Package hl7.fhir.uv.ipa#1.0.0
Installing ihe.iti.mhd#4.2.2 to the package cache
  Fetching:

Installing ihe.iti.mhd#4.2.2
 done.
Installing hl7.terminology.r4#5.5.0 to the package cache
  Fetching:

Installing hl7.terminology.r4#5.5.0
 done.
Load Package hl7.terminology.r4#5.5.0
Installing ihe.iti.balp#1.1.x to the package cache
  Fetching:

Installing ihe.iti.balp#1.1.3
 done.
Installing hl7.terminology.r4#5.3.0 to the package cache
  Fetching:

Installing hl7.terminology.r4#5.3.0
 done.
Load Package hl7.terminology.r4#5.3.0
Load Package ihe.iti.balp#1.1.3
Installing ihe.formatcode.fhir#1.2.x to the package cache
  Fetching:

Installing ihe.formatcode.fhir#1.2.0
 done.
Load Package ihe.formatcode.fhir#1.2.0
Load Package ihe.iti.mhd#4.2.2
Load Package who.ddcc#1.0.1
Installing hl7.terminology.r4#6.0.2 to the package cache
  Fetching:

Installing hl7.terminology.r4#6.0.2
 done.
Load Package hl7.terminology.r4#6.0.2
Installing hl7.fhir.uv.ips#2.0.0-ballot to the package cache
  Fetching:

Installing hl7.fhir.uv.ips#2.0.0-ballot
 done.
Load Package hl7.fhir.uv.ips#2.0.0-ballot
Installing ihe.iti.mcsd#3.8.0 to the package cache
  Fetching:

Installing ihe.iti.mcsd#3.8.0
 done.
Installing hl7.terminology.r4#3.1.0 to the package cache
  Fetching:

Installing hl7.terminology.r4#3.1.0
 done.
Load Package hl7.terminology.r4#3.1.0
Installing ihe.iti.balp#1.1.0 to the package cache
  Fetching:

Installing ihe.iti.balp#1.1.0
 done.
Load Package ihe.iti.balp#1.1.0
Load Package ihe.iti.mcsd#3.8.0
Installing smart.who.int.ts#0.1.0 to the package cache
  Fetching:

Installing smart.who.int.ts#0.1.0
 done.
Load Package smart.who.int.ts#0.1.0
Load Package smart.who.int.icvp#0.1.0
Installing hl7.fhir.uv.tools.r4#0.3.0 to the package cache
  Fetching:

Installing hl7.fhir.uv.tools.r4#0.3.0
 done.
Load Package hl7.fhir.uv.tools.r4#0.3.0
Load R5 Specials
Installing hl7.fhir.r5.core#5.0.0 to the package cache
  Fetching:

Installing hl7.fhir.r5.core#5.0.0
 done.
Initialization complete                                                                              (00:48.289 / 01:28.373, 1Gb)
Load Content                                                                                         (00:00.001 / 01:28.374, 1Gb)
Using en-US as the default narrative language. (no language information in Implementation Guide or command line) (00:00.100 / 01:28.474, 1Gb)
loadPrePages from FetchedFile[/workspace/temp/smart.who.int.trust#1.1.6/input/includes] as /workspace/temp/smart.who.int.trust#1.1.6/input/includes
loadPrePages from FetchedFile[/workspace/temp/smart.who.int.trust#1.1.6/fsh-generated/includes] as /workspace/temp/smart.who.int.trust#1.1.6/fsh-generated/includes
loadPrePages from FetchedFile[/workspace/temp/smart.who.int.trust#1.1.6/input/data] as /workspace/temp/smart.who.int.trust#1.1.6/input/data
loadPrePages from FetchedFile[/workspace/temp/smart.who.int.trust#1.1.6/input/pagecontent] as /workspace/temp/smart.who.int.trust#1.1.6/input/pagecontent
Fetch http://smart.who.int/trust/package-list.json for version check                                 (00:00.600 / 01:29.075, 1Gb)
Checking Language                                                                                    (00:00.040 / 01:29.116, 1Gb)
Processing Conformance Resources                                                                     (00:00.001 / 01:29.117, 1Gb)
Load Dependency Info                                                                                 (00:00.001 / 01:29.119, 1Gb)
Load Info                                                                                            (00:00.002 / 01:29.121, 1Gb)
Load Resources                                                                                       (00:00.001 / 01:29.122, 1Gb)
Load Paths                                                                                           (00:00.128 / 01:29.251, 1Gb)
Generating Snapshots                                                                                 (00:00.001 / 01:29.252, 1Gb)
Check R4 / R4B                                                                                       (00:00.294 / 01:29.546, 730Mb)
Assign Comparison Ids                                                                                (00:00.012 / 01:29.559, 732Mb)
Propagating status                                                                                   (00:00.001 / 01:29.561, 732Mb)
Generating Narratives                                                                                (00:00.001 / 01:29.562, 732Mb)
Validating Conformance Resources                                                                     (00:00.591 / 01:30.154, 859Mb)
Check profiles & code systems                                                                        (00:10.064 / 01:40.218, 1Gb)
Check realm rules                                                                                    (00:00.002 / 01:40.221, 1Gb)
Previous Version Comparison                                                                          (00:00.000 / 01:40.222, 1Gb)
Installing smart.who.int.trust#1.1.4 to the package cache
  Fetching:

Installing smart.who.int.trust#1.1.4
 done.
Installing hl7.fhir.r4.examples#4.0.1 to the package cache
  Fetching:

Installing hl7.fhir.r4.examples#4.0.1
 done.
Installing who.ddcc#1.0.0 to the package cache
  Fetching:

Installing who.ddcc#1.0.0
 done.
Validating Resources                                                                                 (00:29.525 / 02:09.747, 1Gb)
Processing Provenance Records                                                                        (00:00.001 / 02:09.749, 1Gb)
Generating Outputs in /workspace/temp/smart.who.int.trust#1.1.6/output                               (00:00.001 / 02:09.750, 1Gb)
Generate Native Outputs                                                                              (00:00.152 / 02:09.903, 1Gb)
Run Template                                                                                         (00:00.823 / 02:10.726, 1Gb)

onGenerate.checkVersions:
     [xslt] Processing /workspace/temp/smart.who.int.trust#1.1.6/template/onGenerate-ig-working.xml to /workspace/temp/smart.who.int.trust#1.1.6/template/versions.txt
     [xslt] Loading stylesheet /workspace/temp/smart.who.int.trust#1.1.6/template/scripts/onGenerate.getVersions.xslt

onGenerate.r5-schemas:
      [get] Getting: http://build.fhir.org/fhir-single.xsd
      [get] To: /workspace/temp/smart.who.int.trust#1.1.6/input-cache/schemas/R5/fhir-single.xsd
      [get] Not modified - so not downloaded
      [get] Getting: http://build.fhir.org/fhir-xhtml.xsd
      [get] To: /workspace/temp/smart.who.int.trust#1.1.6/input-cache/schemas/R5/fhir-xhtml.xsd
      [get] Not modified - so not downloaded
      [get] Getting: http://build.fhir.org/xml.xsd
      [get] To: /workspace/temp/smart.who.int.trust#1.1.6/input-cache/schemas/R5/xml.xsd
      [get] Not modified - so not downloaded
      [get] Getting: http://build.fhir.org/xmldsig-core-schema.xsd
      [get] To: /workspace/temp/smart.who.int.trust#1.1.6/input-cache/schemas/R5/xmldsig-core-schema.xsd
      [get] Not modified - so not downloaded

onGenerate.r4-schemas:
      [get] Getting: http://hl7.org/fhir/R4/fhir-single.xsd
      [get] To: /workspace/temp/smart.who.int.trust#1.1.6/input-cache/schemas/R4/fhir-single.xsd
      [get] Not modified - so not downloaded
      [get] Getting: http://hl7.org/fhir/R4/fhir-xhtml.xsd
      [get] To: /workspace/temp/smart.who.int.trust#1.1.6/input-cache/schemas/R4/fhir-xhtml.xsd
      [get] Not modified - so not downloaded
      [get] Getting: http://hl7.org/fhir/R4/xml.xsd
      [get] To: /workspace/temp/smart.who.int.trust#1.1.6/input-cache/schemas/R4/xml.xsd
      [get] Not modified - so not downloaded
      [get] Getting: http://hl7.org/fhir/R4/xmldsig-core-schema.xsd
      [get] To: /workspace/temp/smart.who.int.trust#1.1.6/input-cache/schemas/R4/xmldsig-core-schema.xsd
      [get] Not modified - so not downloaded

onGenerate.r3-schemas:

onGenerate.r2b-schemas:

onGenerate.r2-schemas:

onGenerate.schemas:

onGenerate.data:
     [xslt] Processing /workspace/temp/smart.who.int.trust#1.1.6/template/onGenerate-ig-working.xml to /workspace/temp/smart.who.int.trust#1.1.6/temp/pages/_data/artifacts.json
     [xslt] Loading stylesheet /workspace/temp/smart.who.int.trust#1.1.6/template/scripts/onGenerate.data.xslt

onGenerate.setup:

onGenerate.infoFile:
     [xslt] Processing /workspace/temp/smart.who.int.trust#1.1.6/template/onGenerate-ig-working.xml to /workspace/temp/smart.who.int.trust#1.1.6/temp/pages/_data/info.json
     [xslt] Loading stylesheet /workspace/temp/smart.who.int.trust#1.1.6/template/scripts/onGenerate.genJson.xslt

onGenerate.processIncludes:
     [copy] Copying 21 files to /workspace/temp/smart.who.int.trust#1.1.6/temp/pages/_includes

onGenerate.processIg:
     [xslt] Processing /workspace/temp/smart.who.int.trust#1.1.6/template/onGenerate-ig-working.xml to /workspace/temp/smart.who.int.trust#1.1.6/template/onGenerate-ig-working.1.xml
     [xslt] Loading stylesheet /workspace/temp/smart.who.int.trust#1.1.6/template/scripts/onGenerate.group.xslt
     [xslt] Processing /workspace/temp/smart.who.int.trust#1.1.6/template/onGenerate-ig-working.1.xml to /workspace/temp/smart.who.int.trust#1.1.6/template/onGenerate-ig-working.2.xml
     [xslt] Loading stylesheet /workspace/temp/smart.who.int.trust#1.1.6/template/scripts/onGenerate.groupSort.xslt
     [xslt] Processing /workspace/temp/smart.who.int.trust#1.1.6/template/onGenerate-ig-working.2.xml to /workspace/temp/smart.who.int.trust#1.1.6/template/onGenerate-ig-updated.xml
     [xslt] Loading stylesheet /workspace/temp/smart.who.int.trust#1.1.6/template/scripts/onGenerate.final.xslt

onGenerate.igQa:
     [xslt] Processing /workspace/temp/smart.who.int.trust#1.1.6/template/onGenerate-ig-updated.xml to /workspace/temp/smart.who.int.trust#1.1.6/template/ongenerate-validation-igqa.json
     [xslt] Loading stylesheet /workspace/temp/smart.who.int.trust#1.1.6/template/scripts/onGenerate.qa.xslt

onGenerate.artifactList:
     [xslt] Processing /workspace/temp/smart.who.int.trust#1.1.6/template/onGenerate-ig-updated.xml to /workspace/temp/smart.who.int.trust#1.1.6/temp/pages/_includes/artifacts.xml
     [xslt] Loading stylesheet /workspace/temp/smart.who.int.trust#1.1.6/template/scripts/createArtifactSummary.xslt

check-plantumlfiles:

onGenerate.plantUml.ig:

onGenerate.plantUml.template:

onGenerate.plantUml:

onGenerate.copyDataFiles:

onGenerate.extend:

onGenerate:
Template Done                                                                                        (00:02.609 / 02:13.336, 1Gb)
Generate HTML Outputs                                                                                (00:00.000 / 02:13.337, 1Gb)
Generate HTML Outputs for ImplementationGuide/smart.who.int.trust                                    (00:00.001 / 02:13.339, 1Gb)
Generate HTML Outputs for CodeSystem/WHO.TRUST.ACTOR                                                 (00:00.123 / 02:13.462, 1Gb)
ERROR StatusLogger Log4j2 could not find a logging implementation. Please add log4j-core to the classpath. Using SimpleLogger to log to the console...
Generate HTML Outputs for CodeSystem/WHO.TRUST.DOMAIN                                                (00:06.662 / 02:20.124, 1Gb)
Generate HTML Outputs for CodeSystem/WHO.TRUST.KEYUSAGE                                              (00:00.229 / 02:20.353, 1Gb)
Generate HTML Outputs for CodeSystem/WHO.TRUST.TRANSACTION                                           (00:00.185 / 02:20.539, 1Gb)
Generate HTML Outputs for StructureDefinition/COSEHeader                                             (00:00.221 / 02:20.760, 1Gb)
Generate HTML Outputs for StructureDefinition/CWT                                                    (00:00.737 / 02:21.498, 1Gb)
Generate HTML Outputs for StructureDefinition/CWTPayload                                             (00:00.301 / 02:21.799, 1Gb)
Generate HTML Outputs for StructureDefinition/HCert                                                  (00:00.287 / 02:22.086, 1Gb)
Generate HTML Outputs for StructureDefinition/SchemeInformation                                      (00:00.166 / 02:22.253, 1Gb)
Generate HTML Outputs for StructureDefinition/SmartHealthLink                                        (00:00.351 / 02:22.604, 2Gb)
Generate HTML Outputs for StructureDefinition/SmartHealthLinkPayload                                 (00:00.098 / 02:22.703, 2Gb)
Generate HTML Outputs for ValueSet/WHO.TRUST.ACTOR                                                   (00:00.128 / 02:22.831, 2Gb)
Generate HTML Outputs for ValueSet/WHO.TRUST.DOMAIN                                                  (00:11.796 / 02:34.628, 3Gb)
Generate HTML Outputs for ValueSet/WHO.TRUST.KEYUSAGE                                                (00:00.226 / 02:34.854, 3Gb)
Generate HTML Outputs for ValueSet/WHO.TRUST.TRANSACTION                                             (00:00.207 / 02:35.062, 3Gb)
Generate Summaries                                                                                   (00:01.233 / 02:36.296, 3Gb)
Generating Summary Outputs                                                                           (00:00.001 / 02:36.297, 3Gb)
DB Cumulative Time invested: 00:00:00.202
Sending Usage Stats to Server                                                                        (00:15.457 / 02:51.755, 3Gb)
## Memory (MB): Use = 3802, Free = 294, Total = 4096, Max = 4096                                     (00:00.005 / 02:51.760, 3Gb)
Reclaiming memory...                                                                                 (00:00.001 / 02:51.761, 3Gb)
## Memory (MB): Use = 2893, Free = 1201, Total = 4096, Max = 4096                                    (00:01.456 / 02:53.218, 2Gb)
Run jekyll: jekyll build --destination "/workspace/temp/smart.who.int.trust#1.1.6/output" (in folder /workspace/temp/smart.who.int.trust#1.1.6/temp/pages) (00:00.002 / 02:53.221, 2Gb)
Troubleshooting Note: usual cases for Jekyll to fail are:                                            (00:00.001 / 02:53.222, 2Gb)
* A failure to produce a fragment that is already logged in the output above                         (00:00.001 / 02:53.223, 2Gb)
* A reference to a manually edited file that hasn't been provided                                    (00:00.001 / 02:53.224, 2Gb)
Jekyll: Source: /workspace/temp/smart.who.int.trust#1.1.6/temp/pages                                 (00:00.368 / 02:53.593, 2Gb)
Jekyll: Generating...                                                                                (00:00.001 / 02:53.594, 2Gb)
Jekyll: done in 1.255 seconds.                                                                       (00:01.254 / 02:54.848, 2Gb)

onCheck.extend:

onCheck:

Installing smart.who.int.trust#1.1.6
 done.
Checking Output HTML                                                                                 (00:00.765 / 02:55.613, 3Gb)
found 835 files                                                                                      (00:00.008 / 02:55.622, 3Gb)
.........................................
.........................................
  ... 835 html files, 1 page invalid xhtml (0%)                                                      (00:03.448 / 02:59.071, 2Gb)
  ... 17323 links, 159 broken link (0%)                                                              (00:00.001 / 02:59.072, 2Gb)
Generate fragment-usage-analysis.csv                                                                 (00:00.001 / 02:59.074, 2Gb)
Build final .zip                                                                                     (00:00.006 / 02:59.080, 2Gb)
Final .zip built                                                                                     (00:03.112 / 03:02.192, 2Gb)
Built. Times: loading: 00:00.740, generate: 01:40.967, narrative generation: 00:00.590, realm-rules: 00:00.000, previous-version: 00:29.511, jekyll: 00:01.638, validation: 00:10.062 (#16), template: 00:02.616 (#3) (00:07.899 / 03:10.091, 3Gb)
Generating QA                                                                                        (00:00.001 / 03:10.093, 3Gb)
Internal error in location for message: 'Error @1, 1: Found / expecting a token name', loc = '/workspace/temp/smart.who.int.trust#1.1.6/output/references.html', err = 'The html source has duplicate anchor Ids: 2'
Validation output in /workspace/temp/smart.who.int.trust#1.1.6/output/qa.html
Errors: 2, Warnings: 34, Info: 7, Broken Links: 160 (00:00.765 / 03:10.858, 2Gb)
Finished. Max Memory Used = 3Gb. Log file saved in /tmp/fhir-ig-publisher-tmp.log                    (00:00.008 / 03:10.866, 2Gb)
Prepare Build space in /workspace/temp/smart.who.int.trust#1.1.6-milestone
Build IG at /workspace/source: final copy suitable for publication (in /workspace/temp/smart.who.int.trust#1.1.6-milestone) (milestone build)
FHIR IG Publisher Version 1.8.3 (Git# 709dc76d8981). Built 2024-12-18T00:20:53.138Z (36 hours old)  
Detected Java version: 23-ea from /usr/local/openjdk-23 on Linux/amd64 (64bit). 4096MB available    
dir = /workspace, path = /home/publisher/bin:/home/publisher/bin/ig-publisher-scripts:/home/publisher/.node/bin:/usr/local/openjdk-23/bin:/usr/local/sbin:/usr/local/bin:/usr/sbin:/usr/bin:/sbin:/bin
Parameters: -ig /workspace/temp/smart.who.int.trust#1.1.6-milestone -publish http://smart.who.int/trust/v1.1.5 -milestone -no-exit
Start Clock @ Thursday, December 19, 2024, 12:45:59 PM Coordinated Universal Time (2024-12-19T12:45:59Z)
                                                                                                    
Build FHIR IG from /workspace/temp/smart.who.int.trust#1.1.6-milestone                               (00:00.002 / 00:00.002, 2Gb)
Build Formal Publication package, intended for http://smart.who.int/trust/v1.1.5                     (00:00.001 / 00:00.003, 2Gb)
API keys loaded from /home/publisher/.fhir/fhir-settings.json                                        (00:00.000 / 00:00.004, 2Gb)
Package Cache: /home/publisher/.fhir/packages                                                        (00:00.000 / 00:00.005, 2Gb)
Run Sushi on /workspace/temp/smart.who.int.trust#1.1.6-milestone                                     (00:00.000 / 00:00.006, 2Gb)
Sushi: info  Running SUSHI v3.12.1 (implements FHIR Shorthand specification v3.0.0)                  (00:00.397 / 00:00.403, 2Gb)
Sushi: info  Arguments:                                                                              (00:00.001 / 00:00.405, 2Gb)
Sushi: info    --require-latest                                                                      (00:00.001 / 00:00.406, 2Gb)
Sushi: info    --out /workspace/temp/smart.who.int.trust#1.1.6-milestone                             (00:00.001 / 00:00.407, 2Gb)
Sushi: info    /workspace/temp/smart.who.int.trust#1.1.6-milestone                                   (00:00.000 / 00:00.408, 2Gb)
Sushi: info  Using configuration file: /workspace/temp/smart.who.int.trust#1.1.6-milestone/sushi-config.yaml (00:00.379 / 00:00.788, 2Gb)
Sushi: warn  Configuration contains unexpected property: email. Check that this property is spelled, capitalized, and indented correctly. (00:00.110 / 00:00.898, 2Gb)
Sushi: info  Importing FSH text...                                                                   (00:00.001 / 00:00.900, 2Gb)
Sushi: info  Preprocessed 16 documents with 10 aliases.                                              (00:00.122 / 00:01.023, 2Gb)
Sushi: info  Imported 15 definitions and 0 instances.                                                (00:00.009 / 00:01.032, 2Gb)
Sushi: info  Checking /home/publisher/.fhir/packages for hl7.fhir.uv.tools#current...                (00:00.001 / 00:01.033, 2Gb)
Sushi: info  Found hl7.fhir.uv.tools#current in /home/publisher/.fhir/packages.                      (00:00.043 / 00:01.076, 2Gb)
Sushi: info  Loaded package hl7.fhir.uv.tools#current                                                (00:00.259 / 00:01.335, 2Gb)
Sushi: info  Checking /home/publisher/.fhir/packages for hl7.terminology.r4#6.1.0...                 (00:00.456 / 00:01.792, 2Gb)
Sushi: info  Found hl7.terminology.r4#6.1.0 in /home/publisher/.fhir/packages.                       (00:00.548 / 00:02.341, 2Gb)
Sushi: info  Loaded package hl7.terminology.r4#6.1.0                                                 (00:00.001 / 00:02.342, 2Gb)
Sushi: info  Checking /home/publisher/.fhir/packages for hl7.fhir.uv.extensions.r4#5.1.0...          (00:00.113 / 00:02.456, 2Gb)
Sushi: info  Found hl7.fhir.uv.extensions.r4#5.1.0 in /home/publisher/.fhir/packages.                (00:00.507 / 00:02.963, 2Gb)
Sushi: info  Loaded package hl7.fhir.uv.extensions.r4#5.1.0                                          (00:00.001 / 00:02.964, 2Gb)
Sushi: info  Checking /home/publisher/.fhir/packages for smart.who.int.base#0.1.0...                 (00:00.001 / 00:02.965, 2Gb)
Sushi: info  Found smart.who.int.base#0.1.0 in /home/publisher/.fhir/packages.                       (00:00.428 / 00:03.394, 2Gb)
Sushi: info  Loaded package smart.who.int.base#0.1.0                                                 (00:00.001 / 00:03.395, 2Gb)
Sushi: info  Checking /home/publisher/.fhir/packages for who.ddcc#1.0.1...                           (00:00.000 / 00:03.396, 2Gb)
Sushi: info  Found who.ddcc#1.0.1 in /home/publisher/.fhir/packages.                                 (00:00.525 / 00:03.921, 2Gb)
Sushi: info  Loaded package who.ddcc#1.0.1                                                           (00:00.001 / 00:03.923, 2Gb)
Sushi: info  Checking /home/publisher/.fhir/packages for smart.who.int.icvp#0.1.0...                 (00:00.001 / 00:03.924, 2Gb)
Sushi: info  Found smart.who.int.icvp#0.1.0 in /home/publisher/.fhir/packages.                       (00:00.573 / 00:04.497, 2Gb)
Sushi: info  Loaded package smart.who.int.icvp#0.1.0                                                 (00:00.000 / 00:04.498, 2Gb)
Sushi: info  Checking /home/publisher/.fhir/packages for hl7.fhir.r4.core#4.0.1...                   (00:00.000 / 00:04.499, 2Gb)
Sushi: info  Found hl7.fhir.r4.core#4.0.1 in /home/publisher/.fhir/packages.                         (00:01.039 / 00:05.539, 2Gb)
Sushi: info  Loaded package hl7.fhir.r4.core#4.0.1                                                   (00:00.001 / 00:05.540, 2Gb)
Sushi: info  Found 1 file in an input/* resource folder that was neither XML nor JSON. This file was not processed as a resource by SUSHI. To see the unprocessed file in the logs, run SUSHI with the "--log-level debug" flag. (00:00.033 / 00:05.574, 2Gb)
Sushi: info  Converting FSH to FHIR resources...                                                     (00:00.002 / 00:05.576, 2Gb)
Sushi: warn  Inadvisable path 1. Element names should be simple alphanumerics. See eld-20 at https://hl7.org/fhir/elementdefinition.html#ElementDefinition-inv. (00:00.071 / 00:05.648, 2Gb)
Sushi:   File: /workspace/temp/smart.who.int.trust#1.1.6-milestone/input/fsh/models/cose_header.fsh  (00:00.001 / 00:05.649, 2Gb)
Sushi:   Line: 9 - 10                                                                                (00:00.001 / 00:05.651, 2Gb)
Sushi: warn  Inadvisable path 4. Element names should be simple alphanumerics. See eld-20 at https://hl7.org/fhir/elementdefinition.html#ElementDefinition-inv. (00:00.001 / 00:05.652, 2Gb)
Sushi:   File: /workspace/temp/smart.who.int.trust#1.1.6-milestone/input/fsh/models/cose_header.fsh  (00:00.001 / 00:05.653, 2Gb)
Sushi:   Line: 11                                                                                    (00:00.001 / 00:05.655, 2Gb)
Sushi: warn  Inadvisable path 1. Element names should be simple alphanumerics. See eld-20 at https://hl7.org/fhir/elementdefinition.html#ElementDefinition-inv. (00:00.023 / 00:05.678, 2Gb)
Sushi:   File: /workspace/temp/smart.who.int.trust#1.1.6-milestone/input/fsh/models/cwt_payload.fsh  (00:00.001 / 00:05.679, 2Gb)
Sushi:   Line: 9 - 10                                                                                (00:00.001 / 00:05.680, 2Gb)
Sushi: warn  Inadvisable path 4. Element names should be simple alphanumerics. See eld-20 at https://hl7.org/fhir/elementdefinition.html#ElementDefinition-inv. (00:00.000 / 00:05.681, 2Gb)
Sushi:   File: /workspace/temp/smart.who.int.trust#1.1.6-milestone/input/fsh/models/cwt_payload.fsh  (00:00.001 / 00:05.683, 2Gb)
Sushi:   Line: 11                                                                                    (00:00.000 / 00:05.684, 2Gb)
Sushi: warn  Inadvisable path 6. Element names should be simple alphanumerics. See eld-20 at https://hl7.org/fhir/elementdefinition.html#ElementDefinition-inv. (00:00.000 / 00:05.685, 2Gb)
Sushi:   File: /workspace/temp/smart.who.int.trust#1.1.6-milestone/input/fsh/models/cwt_payload.fsh  (00:00.001 / 00:05.686, 2Gb)
Sushi:   Line: 12                                                                                    (00:00.000 / 00:05.687, 2Gb)
Sushi: warn  Inadvisable path -260. Element names should be simple alphanumerics. See eld-20 at https://hl7.org/fhir/elementdefinition.html#ElementDefinition-inv. (00:00.000 / 00:05.688, 2Gb)
Sushi:   File: /workspace/temp/smart.who.int.trust#1.1.6-milestone/input/fsh/models/cwt_payload.fsh  (00:00.001 / 00:05.689, 2Gb)
Sushi:   Line: 13                                                                                    (00:00.000 / 00:05.690, 2Gb)
Sushi: warn  Inadvisable path 1. Element names should be simple alphanumerics. See eld-20 at https://hl7.org/fhir/elementdefinition.html#ElementDefinition-inv. (00:00.002 / 00:05.693, 2Gb)
Sushi:   File: /workspace/temp/smart.who.int.trust#1.1.6-milestone/input/fsh/models/hcert.fsh        (00:00.001 / 00:05.694, 2Gb)
Sushi:   Line: 26                                                                                    (00:00.000 / 00:05.695, 2Gb)
Sushi: warn  Inadvisable path 3. Element names should be simple alphanumerics. See eld-20 at https://hl7.org/fhir/elementdefinition.html#ElementDefinition-inv. (00:00.001 / 00:05.696, 2Gb)
Sushi:   File: /workspace/temp/smart.who.int.trust#1.1.6-milestone/input/fsh/models/hcert.fsh        (00:00.001 / 00:05.698, 2Gb)
Sushi:   Line: 28                                                                                    (00:00.000 / 00:05.698, 2Gb)
Sushi: warn  Inadvisable path 4. Element names should be simple alphanumerics. See eld-20 at https://hl7.org/fhir/elementdefinition.html#ElementDefinition-inv. (00:00.001 / 00:05.700, 2Gb)
Sushi:   File: /workspace/temp/smart.who.int.trust#1.1.6-milestone/input/fsh/models/hcert.fsh        (00:00.001 / 00:05.701, 2Gb)
Sushi:   Line: 29                                                                                    (00:00.000 / 00:05.702, 2Gb)
Sushi: warn  Inadvisable path 5. Element names should be simple alphanumerics. See eld-20 at https://hl7.org/fhir/elementdefinition.html#ElementDefinition-inv. (00:00.001 / 00:05.703, 2Gb)
Sushi:   File: /workspace/temp/smart.who.int.trust#1.1.6-milestone/input/fsh/models/hcert.fsh        (00:00.001 / 00:05.704, 2Gb)
Sushi:   Line: 30                                                                                    (00:00.001 / 00:05.705, 2Gb)
Sushi: warn  Inadvisable path -6. Element names should be simple alphanumerics. See eld-20 at https://hl7.org/fhir/elementdefinition.html#ElementDefinition-inv. (00:00.001 / 00:05.707, 2Gb)
Sushi:   File: /workspace/temp/smart.who.int.trust#1.1.6-milestone/input/fsh/models/hcert.fsh        (00:00.001 / 00:05.708, 2Gb)
Sushi:   Line: 31                                                                                    (00:00.000 / 00:05.709, 2Gb)
Sushi: info  Converted 7 FHIR StructureDefinitions.                                                  (00:00.032 / 00:05.742, 2Gb)
Sushi: info  Converted 4 FHIR CodeSystems.                                                           (00:00.071 / 00:05.813, 2Gb)
Sushi: info  Converted 4 FHIR ValueSets.                                                             (00:00.093 / 00:05.907, 2Gb)
Sushi: info  Exporting FHIR resources as JSON...                                                     (00:00.001 / 00:05.908, 2Gb)
Sushi: info  Exported 15 FHIR resources as JSON.                                                     (00:00.008 / 00:05.916, 2Gb)
Sushi: info  Assembling Implementation Guide sources...                                              (00:00.001 / 00:05.917, 2Gb)
Sushi: info  Generated ImplementationGuide-smart.who.int.trust.json                                  (00:00.023 / 00:05.941, 2Gb)
Sushi: info  Assembled Implementation Guide sources; ready for IG Publisher.                         (00:00.000 / 00:05.941, 2Gb)
Sushi: ========================= SUSHI RESULTS ===========================                           (00:00.001 / 00:05.943, 2Gb)
Sushi: |  -------------------------------------------------------------  |                           (00:00.000 / 00:05.944, 2Gb)
Sushi: | |    Profiles   |  Extensions  |   Logicals   |   Resources   | |                           (00:00.001 / 00:05.945, 2Gb)
Sushi: | |-------------------------------------------------------------| |                           (00:00.001 / 00:05.946, 2Gb)
Sushi: | |       0       |      0       |      7       |       0       | |                           (00:00.001 / 00:05.947, 2Gb)
Sushi: |  -------------------------------------------------------------  |                           (00:00.001 / 00:05.948, 2Gb)
Sushi: |  -------------------------------------------------------------  |                           (00:00.001 / 00:05.949, 2Gb)
Sushi: | |      ValueSets     |    CodeSystems    |     Instances      | |                           (00:00.001 / 00:05.950, 2Gb)
Sushi: | |-------------------------------------------------------------| |                           (00:00.000 / 00:05.951, 2Gb)
Sushi: | |         4          |         4         |         0          | |                           (00:00.001 / 00:05.952, 2Gb)
Sushi: |  -------------------------------------------------------------  |                           (00:00.001 / 00:05.953, 2Gb)
Sushi: |                                                                 |                           (00:00.001 / 00:05.954, 2Gb)
Sushi: ===================================================================                           (00:00.001 / 00:05.955, 2Gb)
Sushi: | Not bad, but you cod do batter!        0 Errors     12 Warnings |                           (00:00.001 / 00:05.956, 2Gb)
Sushi: ===================================================================                           (00:00.001 / 00:05.957, 2Gb)
Unable to load IG as an r5 IG - try R4 (property code is a class com.google.gson.JsonPrimitive looking for an object) (00:00.018 / 00:05.975, 2Gb)
Load Template from who.template.root#current                                                         (00:00.029 / 00:06.004, 2Gb)
 Load Template from fhir.base.template#current                                                       (00:00.407 / 00:06.411, 3Gb)

onLoad.findSpreadsheets:

onLoad.updateIg:
     [xslt] Processing /workspace/temp/smart.who.int.trust#1.1.6-milestone/template/onLoad-ig-working.xml to /workspace/temp/smart.who.int.trust#1.1.6-milestone/template/onLoad-ig-updated.xml
     [xslt] Loading stylesheet /workspace/temp/smart.who.int.trust#1.1.6-milestone/template/scripts/onLoad.xslt

onLoad.extend:

onLoad:
Root directory: /workspace/temp/smart.who.int.trust#1.1.6-milestone                                  (00:01.799 / 00:08.211, 3Gb)
Terminology Cache is at /workspace/temp/smart.who.int.trust#1.1.6-milestone/input-cache/txcache. 8 files in cache (00:00.531 / 00:08.742, 3Gb)
Core Package hl7.fhir.r4.core#4.0.1
Running Terminology Log: /tmp/ohfu-fhir-ig-3549439862846944318.log
Connect to Terminology Server at http://tx.fhir.org                                                  (00:01.356 / 00:10.098, 3Gb)
Load Package hl7.fhir.pubpack#0.2.0
Load Package hl7.fhir.xver-extensions#0.1.0
Load Package hl7.terminology.r4#6.1.0
Load Package hl7.fhir.uv.extensions.r4#5.1.0
Load Package hl7.fhir.uv.extensions.r4#1.0.0
Load Package hl7.terminology#5.5.0
Load Package hl7.fhir.uv.cql#1.0.0
Load Package hl7.fhir.uv.crmi#1.0.0
Ignore Dependency on Core FHIR hl7.fhir.r4.examples#4.0.1, from package 'hl7.fhir.uv.sdc#3.0.0'      (00:04.796 / 00:14.895, 813Mb)
Load Package hl7.fhir.uv.sdc#3.0.0
Load Package smart.who.int.base#0.1.0
Load Package hl7.terminology.r4#5.0.0
Load Package fhir.dicom#2022.4.20221006
Load Package hl7.fhir.uv.ips#1.1.0
Load Package hl7.fhir.uv.smart-app-launch#2.0.0
Load Package hl7.fhir.uv.ipa#1.0.0
Load Package hl7.terminology.r4#5.5.0
Load Package hl7.terminology.r4#5.3.0
Load Package ihe.iti.balp#1.1.3
Load Package ihe.formatcode.fhir#1.2.0
Load Package ihe.iti.mhd#4.2.2
Load Package who.ddcc#1.0.1
Load Package hl7.terminology.r4#6.0.2
Load Package hl7.fhir.uv.ips#2.0.0-ballot
Load Package hl7.terminology.r4#3.1.0
Load Package ihe.iti.balp#1.1.0
Load Package ihe.iti.mcsd#3.8.0
Load Package smart.who.int.ts#0.1.0
Load Package smart.who.int.icvp#0.1.0
Load Package hl7.fhir.uv.tools.r4#0.3.0
Load R5 Specials
Initialization complete                                                                              (00:13.647 / 00:28.543, 1Gb)
Load Content                                                                                         (00:00.000 / 00:28.544, 1Gb)
Using en-US as the default narrative language. (no language information in Implementation Guide or command line) (00:00.015 / 00:28.559, 1Gb)
loadPrePages from FetchedFile[/workspace/temp/smart.who.int.trust#1.1.6-milestone/input/includes] as /workspace/temp/smart.who.int.trust#1.1.6-milestone/input/includes
loadPrePages from FetchedFile[/workspace/temp/smart.who.int.trust#1.1.6-milestone/fsh-generated/includes] as /workspace/temp/smart.who.int.trust#1.1.6-milestone/fsh-generated/includes
loadPrePages from FetchedFile[/workspace/temp/smart.who.int.trust#1.1.6-milestone/input/data] as /workspace/temp/smart.who.int.trust#1.1.6-milestone/input/data
loadPrePages from FetchedFile[/workspace/temp/smart.who.int.trust#1.1.6-milestone/input/pagecontent] as /workspace/temp/smart.who.int.trust#1.1.6-milestone/input/pagecontent
Fetch http://smart.who.int/trust/package-list.json for version check                                 (00:00.210 / 00:28.769, 1Gb)
Checking Language                                                                                    (00:00.042 / 00:28.812, 1Gb)
Processing Conformance Resources                                                                     (00:00.000 / 00:28.813, 1Gb)
Load Dependency Info                                                                                 (00:00.001 / 00:28.814, 1Gb)
Load Info                                                                                            (00:00.000 / 00:28.815, 1Gb)
Load Resources                                                                                       (00:00.000 / 00:28.816, 1Gb)
Load Paths                                                                                           (00:00.078 / 00:28.895, 1Gb)
Generating Snapshots                                                                                 (00:00.000 / 00:28.896, 1Gb)
Check R4 / R4B                                                                                       (00:00.048 / 00:28.944, 1Gb)
Assign Comparison Ids                                                                                (00:00.004 / 00:28.948, 1Gb)
Propagating status                                                                                   (00:00.000 / 00:28.949, 1Gb)
Generating Narratives                                                                                (00:00.000 / 00:28.950, 1Gb)
Validating Conformance Resources                                                                     (00:00.342 / 00:29.293, 1Gb)
Check profiles & code systems                                                                        (00:09.232 / 00:38.525, 1Gb)
Check realm rules                                                                                    (00:00.001 / 00:38.527, 1Gb)
Previous Version Comparison                                                                          (00:00.000 / 00:38.528, 1Gb)
Validating Resources                                                                                 (00:16.418 / 00:54.947, 2Gb)
Processing Provenance Records                                                                        (00:00.001 / 00:54.948, 2Gb)
Generating Outputs in /workspace/temp/smart.who.int.trust#1.1.6-milestone/output                     (00:00.001 / 00:54.949, 2Gb)
Generate Native Outputs                                                                              (00:00.066 / 00:55.015, 2Gb)
Run Template                                                                                         (00:00.810 / 00:55.826, 2Gb)

onGenerate.checkVersions:
     [xslt] Processing /workspace/temp/smart.who.int.trust#1.1.6-milestone/template/onGenerate-ig-working.xml to /workspace/temp/smart.who.int.trust#1.1.6-milestone/template/versions.txt
     [xslt] Loading stylesheet /workspace/temp/smart.who.int.trust#1.1.6-milestone/template/scripts/onGenerate.getVersions.xslt

onGenerate.r5-schemas:
      [get] Getting: http://build.fhir.org/fhir-single.xsd
      [get] To: /workspace/temp/smart.who.int.trust#1.1.6-milestone/input-cache/schemas/R5/fhir-single.xsd
      [get] Not modified - so not downloaded
      [get] Getting: http://build.fhir.org/fhir-xhtml.xsd
      [get] To: /workspace/temp/smart.who.int.trust#1.1.6-milestone/input-cache/schemas/R5/fhir-xhtml.xsd
      [get] Not modified - so not downloaded
      [get] Getting: http://build.fhir.org/xml.xsd
      [get] To: /workspace/temp/smart.who.int.trust#1.1.6-milestone/input-cache/schemas/R5/xml.xsd
      [get] Not modified - so not downloaded
      [get] Getting: http://build.fhir.org/xmldsig-core-schema.xsd
      [get] To: /workspace/temp/smart.who.int.trust#1.1.6-milestone/input-cache/schemas/R5/xmldsig-core-schema.xsd
      [get] Not modified - so not downloaded

onGenerate.r4-schemas:
      [get] Getting: http://hl7.org/fhir/R4/fhir-single.xsd
      [get] To: /workspace/temp/smart.who.int.trust#1.1.6-milestone/input-cache/schemas/R4/fhir-single.xsd
      [get] Not modified - so not downloaded
      [get] Getting: http://hl7.org/fhir/R4/fhir-xhtml.xsd
      [get] To: /workspace/temp/smart.who.int.trust#1.1.6-milestone/input-cache/schemas/R4/fhir-xhtml.xsd
      [get] Not modified - so not downloaded
      [get] Getting: http://hl7.org/fhir/R4/xml.xsd
      [get] To: /workspace/temp/smart.who.int.trust#1.1.6-milestone/input-cache/schemas/R4/xml.xsd
      [get] Not modified - so not downloaded
      [get] Getting: http://hl7.org/fhir/R4/xmldsig-core-schema.xsd
      [get] To: /workspace/temp/smart.who.int.trust#1.1.6-milestone/input-cache/schemas/R4/xmldsig-core-schema.xsd
      [get] Not modified - so not downloaded

onGenerate.r3-schemas:

onGenerate.r2b-schemas:

onGenerate.r2-schemas:

onGenerate.schemas:

onGenerate.data:
     [xslt] Processing /workspace/temp/smart.who.int.trust#1.1.6-milestone/template/onGenerate-ig-working.xml to /workspace/temp/smart.who.int.trust#1.1.6-milestone/temp/pages/_data/artifacts.json
     [xslt] Loading stylesheet /workspace/temp/smart.who.int.trust#1.1.6-milestone/template/scripts/onGenerate.data.xslt

onGenerate.setup:

onGenerate.infoFile:
     [xslt] Processing /workspace/temp/smart.who.int.trust#1.1.6-milestone/template/onGenerate-ig-working.xml to /workspace/temp/smart.who.int.trust#1.1.6-milestone/temp/pages/_data/info.json
     [xslt] Loading stylesheet /workspace/temp/smart.who.int.trust#1.1.6-milestone/template/scripts/onGenerate.genJson.xslt

onGenerate.processIncludes:
     [copy] Copying 21 files to /workspace/temp/smart.who.int.trust#1.1.6-milestone/temp/pages/_includes

onGenerate.processIg:
     [xslt] Processing /workspace/temp/smart.who.int.trust#1.1.6-milestone/template/onGenerate-ig-working.xml to /workspace/temp/smart.who.int.trust#1.1.6-milestone/template/onGenerate-ig-working.1.xml
     [xslt] Loading stylesheet /workspace/temp/smart.who.int.trust#1.1.6-milestone/template/scripts/onGenerate.group.xslt
     [xslt] Processing /workspace/temp/smart.who.int.trust#1.1.6-milestone/template/onGenerate-ig-working.1.xml to /workspace/temp/smart.who.int.trust#1.1.6-milestone/template/onGenerate-ig-working.2.xml
     [xslt] Loading stylesheet /workspace/temp/smart.who.int.trust#1.1.6-milestone/template/scripts/onGenerate.groupSort.xslt
     [xslt] Processing /workspace/temp/smart.who.int.trust#1.1.6-milestone/template/onGenerate-ig-working.2.xml to /workspace/temp/smart.who.int.trust#1.1.6-milestone/template/onGenerate-ig-updated.xml
     [xslt] Loading stylesheet /workspace/temp/smart.who.int.trust#1.1.6-milestone/template/scripts/onGenerate.final.xslt

onGenerate.igQa:
     [xslt] Processing /workspace/temp/smart.who.int.trust#1.1.6-milestone/template/onGenerate-ig-updated.xml to /workspace/temp/smart.who.int.trust#1.1.6-milestone/template/ongenerate-validation-igqa.json
     [xslt] Loading stylesheet /workspace/temp/smart.who.int.trust#1.1.6-milestone/template/scripts/onGenerate.qa.xslt

onGenerate.artifactList:
     [xslt] Processing /workspace/temp/smart.who.int.trust#1.1.6-milestone/template/onGenerate-ig-updated.xml to /workspace/temp/smart.who.int.trust#1.1.6-milestone/temp/pages/_includes/artifacts.xml
     [xslt] Loading stylesheet /workspace/temp/smart.who.int.trust#1.1.6-milestone/template/scripts/createArtifactSummary.xslt

check-plantumlfiles:

onGenerate.plantUml.ig:

onGenerate.plantUml.template:

onGenerate.plantUml:

onGenerate.copyDataFiles:

onGenerate.extend:

onGenerate:
Template Done                                                                                        (00:02.136 / 00:57.962, 2Gb)
Generate HTML Outputs                                                                                (00:00.001 / 00:57.963, 2Gb)
Generate HTML Outputs for ImplementationGuide/smart.who.int.trust                                    (00:00.001 / 00:57.965, 2Gb)
Generate HTML Outputs for CodeSystem/WHO.TRUST.ACTOR                                                 (00:00.059 / 00:58.025, 2Gb)
Generate HTML Outputs for CodeSystem/WHO.TRUST.DOMAIN                                                (00:05.144 / 01:03.169, 2Gb)
Generate HTML Outputs for CodeSystem/WHO.TRUST.KEYUSAGE                                              (00:00.151 / 01:03.321, 2Gb)
Generate HTML Outputs for CodeSystem/WHO.TRUST.TRANSACTION                                           (00:00.144 / 01:03.466, 2Gb)
Generate HTML Outputs for StructureDefinition/COSEHeader                                             (00:00.151 / 01:03.617, 2Gb)
Generate HTML Outputs for StructureDefinition/CWT                                                    (00:00.137 / 01:03.755, 2Gb)
Generate HTML Outputs for StructureDefinition/CWTPayload                                             (00:00.135 / 01:03.890, 2Gb)
Generate HTML Outputs for StructureDefinition/HCert                                                  (00:00.125 / 01:04.016, 2Gb)
Generate HTML Outputs for StructureDefinition/SchemeInformation                                      (00:00.172 / 01:04.188, 2Gb)
Generate HTML Outputs for StructureDefinition/SmartHealthLink                                        (00:00.293 / 01:04.482, 2Gb)
Generate HTML Outputs for StructureDefinition/SmartHealthLinkPayload                                 (00:00.103 / 01:04.585, 2Gb)
Generate HTML Outputs for ValueSet/WHO.TRUST.ACTOR                                                   (00:00.145 / 01:04.731, 2Gb)
Generate HTML Outputs for ValueSet/WHO.TRUST.DOMAIN                                                  (00:10.247 / 01:14.979, 3Gb)
Generate HTML Outputs for ValueSet/WHO.TRUST.KEYUSAGE                                                (00:00.119 / 01:15.098, 3Gb)
Generate HTML Outputs for ValueSet/WHO.TRUST.TRANSACTION                                             (00:00.136 / 01:15.234, 3Gb)
Generate Summaries                                                                                   (00:00.638 / 01:15.873, 3Gb)
Generating Summary Outputs                                                                           (00:00.001 / 01:15.874, 3Gb)
DB Cumulative Time invested: 00:00:00.101
Sending Usage Stats to Server                                                                        (00:14.595 / 01:30.470, 3Gb)
## Memory (MB): Use = 3473, Free = 622, Total = 4096, Max = 4096                                     (00:00.001 / 01:30.471, 3Gb)
Reclaiming memory...                                                                                 (00:00.001 / 01:30.472, 3Gb)
## Memory (MB): Use = 2894, Free = 1201, Total = 4096, Max = 4096                                    (00:01.279 / 01:31.752, 2Gb)
Run jekyll: jekyll build --destination "/workspace/temp/smart.who.int.trust#1.1.6-milestone/output" (in folder /workspace/temp/smart.who.int.trust#1.1.6-milestone/temp/pages) (00:00.001 / 01:31.754, 2Gb)
Troubleshooting Note: usual cases for Jekyll to fail are:                                            (00:00.001 / 01:31.755, 2Gb)
* A failure to produce a fragment that is already logged in the output above                         (00:00.000 / 01:31.756, 2Gb)
* A reference to a manually edited file that hasn't been provided                                    (00:00.000 / 01:31.757, 2Gb)
Jekyll: Source: /workspace/temp/smart.who.int.trust#1.1.6-milestone/temp/pages                       (00:00.361 / 01:32.119, 2Gb)
Jekyll: Generating...                                                                                (00:00.001 / 01:32.120, 2Gb)
Jekyll: done in 1.246 seconds.                                                                       (00:01.245 / 01:33.365, 2Gb)

onCheck.extend:

onCheck:

Installing smart.who.int.trust#1.1.6
Checking Output HTML                                                                                 (00:00.226 / 01:33.592, 2Gb)
found 835 files                                                                                      (00:00.008 / 01:33.600, 2Gb)
.........................................
.........................................
  ... 835 html files, 1 page invalid xhtml (0%)                                                      (00:01.825 / 01:35.425, 3Gb)
  ... 17323 links, 159 broken link (0%)                                                              (00:00.001 / 01:35.426, 3Gb)
Generate fragment-usage-analysis.csv                                                                 (00:00.000 / 01:35.427, 3Gb)
Build final .zip                                                                                     (00:00.005 / 01:35.433, 3Gb)
Final .zip built                                                                                     (00:03.100 / 01:38.533, 3Gb)
Built. Times: loading: 00:00.267, generate: 01:17.130, narrative generation: 00:00.342, realm-rules: 00:00.000, previous-version: 00:16.414, jekyll: 00:01.622, validation: 00:09.230 (#16), template: 00:02.142 (#3) (00:07.410 / 01:45.944, 3Gb)
Generating QA                                                                                        (00:00.002 / 01:45.946, 3Gb)
Internal error in location for message: 'Error @1, 1: Found / expecting a token name', loc = '/workspace/temp/smart.who.int.trust#1.1.6-milestone/output/references.html', err = 'The html source has duplicate anchor Ids: 2'
Validation output in /workspace/temp/smart.who.int.trust#1.1.6-milestone/output/qa.html
Errors: 2, Warnings: 34, Info: 7, Broken Links: 160 (00:00.541 / 01:46.487, 2Gb)
Finished. Max Memory Used = 3Gb. Log file saved in /tmp/fhir-ig-publisher-tmp.log                    (00:00.007 / 01:46.495, 2Gb)
Keep a copy of the build directory at /workspace/temp/web-root/run-20241219/ig-build-zips/smart.who.int.trust#1.1.6.zip
Sending usage stats failed: Connection timed out

ok. All checks passed. Publish v1.1.6 to /workspace/temp/web-root/run-20241219/trust/v1.1.5
Copy the IG to /workspace/temp/web-root/run-20241219/trust/v1.1.5
Update /workspace/temp/web-root/run-20241219/trust/package-list.json
Publish Box Statement: This page is part of the Trust (v1.1.5: Release) based on <a no-external="true" href="http://hl7.org/fhir/R4">FHIR (HL7® FHIR® Standard) R4</a>. This is the current published version in its permanent home (it will always be available at this URL).  For a full list of available versions, see the <a no-external="true" href="http://smart.who.int/trust/history.html">Directory of published versions</a>
no html insert in /workspace/temp/web-root/run-20241219/trust/v1.1.5/qa-txservers.html
no html insert in /workspace/temp/web-root/run-20241219/trust/v1.1.5/openapi/oauth2-redirect.html
  .. 150 files checked, 150 updated
  .. 56 clones checked, 112 updated
  .. 16 redirections (16 created/updated)
This is a milestone release - publish v1.1.6 to /workspace/temp/web-root/run-20241219/trust
Publish Box Statement: This page is part of the Trust (v1.1.5: Release) based on <a no-external="true" href="http://hl7.org/fhir/R4">FHIR (HL7® FHIR® Standard) R4</a>. This is the current published version.  For a full list of available versions, see the <a no-external="true" href="http://smart.who.int/trust/history.html">Directory of published versions</a>
no html insert in /workspace/temp/smart.who.int.trust#1.1.6-milestone/output/qa-txservers.html
no html insert in /workspace/temp/smart.who.int.trust#1.1.6-milestone/output/openapi/oauth2-redirect.html
  .. 150 files checked, 150 updated
  .. 56 clones checked, 112 updated
  .. 16 redirections (16 created/updated)
Check for Files to delete
  ... 0 files
Copy to new IG to /workspace/temp/web-root/run-20241219/trust
[Fatal Error] :1:1: Content is not allowed in prolog.
Unable to process RSS feed /workspace/temp/web-root/run-20241219/publication-feed.xml as XML - processing as text instead (Content is not allowed in prolog.)
Update history page at /workspace/temp/web-root/run-20241219/trust from /workspace/history-template and /workspace/webroot/templates
Build is complete. Copy from /workspace/temp/web-root/run-20241219
smart.who.int.trust (http://smart.who.int/trust): Trust @ http://worldhealthorganization.github.io/smart-trust
  release: Releases 1.1.5/4.0.1 @ http://smart.who.int/trust/v1.1.5
